Warning: $HADOOP_HOME is deprecated.

rmr: cannot remove /user/ml/personal_dev_new/training_data/round.two: No such file or directory.
Warning: $HADOOP_HOME is deprecated.

15/05/15 22:20:43 WARN streaming.StreamJob: -jobconf option is deprecated, please use -D instead.
packageJobJar: [./round2.map1.py, ./round2.red2.py, /tmp/hadoop-chongweishen/hadoop-unjar3054892549891987875/] [] /tmp/streamjob966052469024384709.jar tmpDir=null
15/05/15 22:20:44 INFO lzo.GPLNativeCodeLoader: Loaded native gpl library
15/05/15 22:20:44 INFO lzo.LzoCodec: Successfully loaded & initialized native-lzo library [hadoop-lzo rev 6bb1b7f8b9044d8df9b4d2b6641db7658aab3cf8]
15/05/15 22:20:44 INFO mapred.FileInputFormat: Total input paths to process : 4847
15/05/15 22:20:48 INFO streaming.StreamJob: getLocalDirs(): [/home/hadoop/hdfs/data01/mapred/local/, /home/hadoop/hdfs/data02/mapred/local/, /home/hadoop/hdfs/data03/mapred/local/, /home/hadoop/hdfs/data04/mapred/local/, /home/hadoop/hdfs/data05/mapred/local/, /home/hadoop/hdfs/data06/mapred/local/, /home/hadoop/hdfs/data07/mapred/local/, /home/hadoop/hdfs/data08/mapred/local/, /home/hadoop/hdfs/data09/mapred/local/, /home/hadoop/hdfs/data10/mapred/local/, /home/hadoop/hdfs/data11/mapred/local/, /home/hadoop/hdfs/data12/mapred/local/]
15/05/15 22:20:48 INFO streaming.StreamJob: Running job: job_201504101741_386998
15/05/15 22:20:48 INFO streaming.StreamJob: To kill this job, run:
15/05/15 22:20:48 INFO streaming.StreamJob: /hadoop/hadoop-1.2.1/libexec/../bin/hadoop job  -Dmapred.job.tracker=jxq-job-01:9001 -kill job_201504101741_386998
15/05/15 22:20:48 INFO streaming.StreamJob: Tracking URL: http://jxq-job-01.meilishuo.com:50030/jobdetails.jsp?jobid=job_201504101741_386998
15/05/15 22:20:49 INFO streaming.StreamJob:  map 0%  reduce 0%
15/05/15 22:23:08 INFO streaming.StreamJob:  map 1%  reduce 0%
15/05/15 22:23:25 INFO streaming.StreamJob:  map 2%  reduce 0%
15/05/15 22:23:31 INFO streaming.StreamJob:  map 3%  reduce 0%
15/05/15 22:23:37 INFO streaming.StreamJob:  map 4%  reduce 0%
15/05/15 22:23:41 INFO streaming.StreamJob:  map 5%  reduce 0%
15/05/15 22:23:43 INFO streaming.StreamJob:  map 6%  reduce 0%
15/05/15 22:23:45 INFO streaming.StreamJob:  map 7%  reduce 0%
15/05/15 22:23:46 INFO streaming.StreamJob:  map 8%  reduce 0%
15/05/15 22:23:48 INFO streaming.StreamJob:  map 9%  reduce 0%
15/05/15 22:23:49 INFO streaming.StreamJob:  map 10%  reduce 0%
15/05/15 22:23:51 INFO streaming.StreamJob:  map 11%  reduce 0%
15/05/15 22:23:52 INFO streaming.StreamJob:  map 12%  reduce 0%
15/05/15 22:23:53 INFO streaming.StreamJob:  map 13%  reduce 0%
15/05/15 22:23:54 INFO streaming.StreamJob:  map 14%  reduce 0%
15/05/15 22:23:56 INFO streaming.StreamJob:  map 15%  reduce 0%
15/05/15 22:23:57 INFO streaming.StreamJob:  map 16%  reduce 0%
15/05/15 22:23:58 INFO streaming.StreamJob:  map 17%  reduce 0%
15/05/15 22:24:00 INFO streaming.StreamJob:  map 18%  reduce 0%
15/05/15 22:24:01 INFO streaming.StreamJob:  map 19%  reduce 0%
15/05/15 22:24:02 INFO streaming.StreamJob:  map 20%  reduce 0%
15/05/15 22:24:03 INFO streaming.StreamJob:  map 21%  reduce 0%
15/05/15 22:24:04 INFO streaming.StreamJob:  map 22%  reduce 0%
15/05/15 22:24:05 INFO streaming.StreamJob:  map 23%  reduce 0%
15/05/15 22:24:06 INFO streaming.StreamJob:  map 24%  reduce 0%
15/05/15 22:24:07 INFO streaming.StreamJob:  map 25%  reduce 0%
15/05/15 22:24:08 INFO streaming.StreamJob:  map 26%  reduce 0%
15/05/15 22:24:10 INFO streaming.StreamJob:  map 28%  reduce 0%
15/05/15 22:24:11 INFO streaming.StreamJob:  map 29%  reduce 0%
15/05/15 22:24:12 INFO streaming.StreamJob:  map 30%  reduce 0%
15/05/15 22:24:13 INFO streaming.StreamJob:  map 31%  reduce 0%
15/05/15 22:24:14 INFO streaming.StreamJob:  map 32%  reduce 0%
15/05/15 22:24:15 INFO streaming.StreamJob:  map 33%  reduce 0%
15/05/15 22:24:16 INFO streaming.StreamJob:  map 35%  reduce 0%
15/05/15 22:24:17 INFO streaming.StreamJob:  map 36%  reduce 0%
15/05/15 22:24:18 INFO streaming.StreamJob:  map 37%  reduce 0%
15/05/15 22:24:19 INFO streaming.StreamJob:  map 38%  reduce 0%
15/05/15 22:24:20 INFO streaming.StreamJob:  map 39%  reduce 0%
15/05/15 22:24:21 INFO streaming.StreamJob:  map 40%  reduce 0%
15/05/15 22:24:22 INFO streaming.StreamJob:  map 41%  reduce 0%
15/05/15 22:24:23 INFO streaming.StreamJob:  map 42%  reduce 0%
15/05/15 22:24:24 INFO streaming.StreamJob:  map 43%  reduce 0%
15/05/15 22:24:25 INFO streaming.StreamJob:  map 44%  reduce 0%
15/05/15 22:24:26 INFO streaming.StreamJob:  map 45%  reduce 0%
15/05/15 22:24:27 INFO streaming.StreamJob:  map 46%  reduce 0%
15/05/15 22:24:28 INFO streaming.StreamJob:  map 47%  reduce 0%
15/05/15 22:24:29 INFO streaming.StreamJob:  map 48%  reduce 0%
15/05/15 22:24:30 INFO streaming.StreamJob:  map 50%  reduce 0%
15/05/15 22:24:31 INFO streaming.StreamJob:  map 51%  reduce 0%
15/05/15 22:24:32 INFO streaming.StreamJob:  map 52%  reduce 0%
15/05/15 22:24:33 INFO streaming.StreamJob:  map 53%  reduce 0%
15/05/15 22:24:34 INFO streaming.StreamJob:  map 54%  reduce 0%
15/05/15 22:24:35 INFO streaming.StreamJob:  map 55%  reduce 0%
15/05/15 22:24:36 INFO streaming.StreamJob:  map 57%  reduce 0%
15/05/15 22:24:37 INFO streaming.StreamJob:  map 58%  reduce 0%
15/05/15 22:24:38 INFO streaming.StreamJob:  map 59%  reduce 0%
15/05/15 22:24:39 INFO streaming.StreamJob:  map 60%  reduce 0%
15/05/15 22:24:40 INFO streaming.StreamJob:  map 61%  reduce 0%
15/05/15 22:24:41 INFO streaming.StreamJob:  map 62%  reduce 0%
15/05/15 22:24:42 INFO streaming.StreamJob:  map 63%  reduce 0%
15/05/15 22:24:43 INFO streaming.StreamJob:  map 64%  reduce 0%
15/05/15 22:24:44 INFO streaming.StreamJob:  map 66%  reduce 0%
15/05/15 22:24:45 INFO streaming.StreamJob:  map 67%  reduce 0%
15/05/15 22:24:46 INFO streaming.StreamJob:  map 68%  reduce 0%
15/05/15 22:24:47 INFO streaming.StreamJob:  map 70%  reduce 0%
15/05/15 22:24:48 INFO streaming.StreamJob:  map 71%  reduce 0%
15/05/15 22:24:49 INFO streaming.StreamJob:  map 73%  reduce 0%
15/05/15 22:24:50 INFO streaming.StreamJob:  map 74%  reduce 0%
15/05/15 22:24:51 INFO streaming.StreamJob:  map 76%  reduce 0%
15/05/15 22:24:52 INFO streaming.StreamJob:  map 77%  reduce 0%
15/05/15 22:24:53 INFO streaming.StreamJob:  map 78%  reduce 0%
15/05/15 22:24:54 INFO streaming.StreamJob:  map 79%  reduce 0%
15/05/15 22:24:55 INFO streaming.StreamJob:  map 80%  reduce 0%
15/05/15 22:24:56 INFO streaming.StreamJob:  map 81%  reduce 0%
15/05/15 22:24:57 INFO streaming.StreamJob:  map 83%  reduce 0%
15/05/15 22:24:58 INFO streaming.StreamJob:  map 84%  reduce 0%
15/05/15 22:24:59 INFO streaming.StreamJob:  map 86%  reduce 0%
15/05/15 22:25:00 INFO streaming.StreamJob:  map 87%  reduce 0%
15/05/15 22:25:01 INFO streaming.StreamJob:  map 88%  reduce 0%
15/05/15 22:25:02 INFO streaming.StreamJob:  map 90%  reduce 0%
15/05/15 22:25:03 INFO streaming.StreamJob:  map 91%  reduce 0%
15/05/15 22:25:04 INFO streaming.StreamJob:  map 92%  reduce 0%
15/05/15 22:25:05 INFO streaming.StreamJob:  map 93%  reduce 0%
15/05/15 22:25:06 INFO streaming.StreamJob:  map 95%  reduce 0%
15/05/15 22:25:07 INFO streaming.StreamJob:  map 96%  reduce 0%
15/05/15 22:25:08 INFO streaming.StreamJob:  map 98%  reduce 0%
15/05/15 22:25:09 INFO streaming.StreamJob:  map 99%  reduce 0%
15/05/15 22:25:11 INFO streaming.StreamJob:  map 100%  reduce 0%
15/05/15 22:25:25 INFO streaming.StreamJob:  map 100%  reduce 1%
15/05/15 22:25:38 INFO streaming.StreamJob:  map 100%  reduce 2%
15/05/15 22:25:47 INFO streaming.StreamJob:  map 100%  reduce 3%
15/05/15 22:25:54 INFO streaming.StreamJob:  map 100%  reduce 4%
15/05/15 22:25:59 INFO streaming.StreamJob:  map 100%  reduce 5%
15/05/15 22:26:04 INFO streaming.StreamJob:  map 100%  reduce 6%
15/05/15 22:26:09 INFO streaming.StreamJob:  map 100%  reduce 7%
15/05/15 22:26:14 INFO streaming.StreamJob:  map 100%  reduce 8%
15/05/15 22:26:17 INFO streaming.StreamJob:  map 100%  reduce 9%
15/05/15 22:26:20 INFO streaming.StreamJob:  map 100%  reduce 10%
15/05/15 22:26:22 INFO streaming.StreamJob:  map 100%  reduce 11%
15/05/15 22:26:23 INFO streaming.StreamJob:  map 100%  reduce 12%
15/05/15 22:26:25 INFO streaming.StreamJob:  map 100%  reduce 13%
15/05/15 22:26:26 INFO streaming.StreamJob:  map 100%  reduce 14%
15/05/15 22:26:27 INFO streaming.StreamJob:  map 100%  reduce 15%
15/05/15 22:26:28 INFO streaming.StreamJob:  map 100%  reduce 16%
15/05/15 22:26:30 INFO streaming.StreamJob:  map 100%  reduce 17%
15/05/15 22:26:33 INFO streaming.StreamJob:  map 100%  reduce 18%
15/05/15 22:26:35 INFO streaming.StreamJob:  map 100%  reduce 19%
15/05/15 22:26:38 INFO streaming.StreamJob:  map 100%  reduce 20%
15/05/15 22:26:41 INFO streaming.StreamJob:  map 100%  reduce 21%
15/05/15 22:26:47 INFO streaming.StreamJob:  map 100%  reduce 22%
15/05/15 22:26:57 INFO streaming.StreamJob:  map 100%  reduce 23%
15/05/15 22:27:06 INFO streaming.StreamJob:  map 100%  reduce 24%
15/05/15 22:27:11 INFO streaming.StreamJob:  map 100%  reduce 25%
15/05/15 22:27:15 INFO streaming.StreamJob:  map 100%  reduce 26%
15/05/15 22:27:24 INFO streaming.StreamJob:  map 100%  reduce 27%
15/05/15 22:27:30 INFO streaming.StreamJob:  map 100%  reduce 28%
15/05/15 22:27:38 INFO streaming.StreamJob:  map 100%  reduce 29%
15/05/15 22:27:41 INFO streaming.StreamJob:  map 100%  reduce 30%
15/05/15 22:27:43 INFO streaming.StreamJob:  map 100%  reduce 31%
15/05/15 22:27:44 INFO streaming.StreamJob:  map 100%  reduce 32%
15/05/15 22:27:45 INFO streaming.StreamJob:  map 100%  reduce 33%
15/05/15 22:27:49 INFO streaming.StreamJob:  map 100%  reduce 34%
15/05/15 22:27:51 INFO streaming.StreamJob:  map 100%  reduce 35%
15/05/15 22:27:53 INFO streaming.StreamJob:  map 100%  reduce 36%
15/05/15 22:27:54 INFO streaming.StreamJob:  map 100%  reduce 37%
15/05/15 22:27:55 INFO streaming.StreamJob:  map 100%  reduce 38%
15/05/15 22:27:56 INFO streaming.StreamJob:  map 100%  reduce 39%
15/05/15 22:27:58 INFO streaming.StreamJob:  map 100%  reduce 40%
15/05/15 22:28:00 INFO streaming.StreamJob:  map 100%  reduce 41%
15/05/15 22:28:04 INFO streaming.StreamJob:  map 100%  reduce 42%
15/05/15 22:28:06 INFO streaming.StreamJob:  map 100%  reduce 43%
15/05/15 22:28:12 INFO streaming.StreamJob:  map 100%  reduce 44%
15/05/15 22:28:19 INFO streaming.StreamJob:  map 100%  reduce 45%
15/05/15 22:28:28 INFO streaming.StreamJob:  map 100%  reduce 46%
15/05/15 22:28:33 INFO streaming.StreamJob:  map 100%  reduce 47%
15/05/15 22:28:38 INFO streaming.StreamJob:  map 100%  reduce 48%
15/05/15 22:28:42 INFO streaming.StreamJob:  map 100%  reduce 49%
15/05/15 22:28:45 INFO streaming.StreamJob:  map 100%  reduce 50%
15/05/15 22:28:47 INFO streaming.StreamJob:  map 100%  reduce 51%
15/05/15 22:28:49 INFO streaming.StreamJob:  map 100%  reduce 52%
15/05/15 22:28:50 INFO streaming.StreamJob:  map 100%  reduce 53%
15/05/15 22:28:51 INFO streaming.StreamJob:  map 100%  reduce 54%
15/05/15 22:28:53 INFO streaming.StreamJob:  map 100%  reduce 55%
15/05/15 22:28:54 INFO streaming.StreamJob:  map 100%  reduce 56%
15/05/15 22:28:55 INFO streaming.StreamJob:  map 100%  reduce 57%
15/05/15 22:28:56 INFO streaming.StreamJob:  map 100%  reduce 58%
15/05/15 22:28:57 INFO streaming.StreamJob:  map 100%  reduce 59%
15/05/15 22:28:58 INFO streaming.StreamJob:  map 100%  reduce 60%
15/05/15 22:28:59 INFO streaming.StreamJob:  map 100%  reduce 61%
15/05/15 22:29:00 INFO streaming.StreamJob:  map 100%  reduce 63%
15/05/15 22:29:01 INFO streaming.StreamJob:  map 100%  reduce 64%
15/05/15 22:29:03 INFO streaming.StreamJob:  map 100%  reduce 65%
15/05/15 22:29:04 INFO streaming.StreamJob:  map 100%  reduce 66%
15/05/15 22:29:05 INFO streaming.StreamJob:  map 100%  reduce 67%
15/05/15 22:29:07 INFO streaming.StreamJob:  map 100%  reduce 68%
15/05/15 22:29:09 INFO streaming.StreamJob:  map 100%  reduce 69%
15/05/15 22:29:11 INFO streaming.StreamJob:  map 100%  reduce 70%
15/05/15 22:29:13 INFO streaming.StreamJob:  map 100%  reduce 71%
15/05/15 22:29:15 INFO streaming.StreamJob:  map 100%  reduce 72%
15/05/15 22:29:17 INFO streaming.StreamJob:  map 100%  reduce 73%
15/05/15 22:29:20 INFO streaming.StreamJob:  map 100%  reduce 74%
15/05/15 22:29:23 INFO streaming.StreamJob:  map 100%  reduce 75%
15/05/15 22:29:26 INFO streaming.StreamJob:  map 100%  reduce 76%
15/05/15 22:29:28 INFO streaming.StreamJob:  map 100%  reduce 77%
15/05/15 22:29:29 INFO streaming.StreamJob:  map 100%  reduce 78%
15/05/15 22:29:30 INFO streaming.StreamJob:  map 100%  reduce 79%
15/05/15 22:29:32 INFO streaming.StreamJob:  map 100%  reduce 80%
15/05/15 22:29:33 INFO streaming.StreamJob:  map 100%  reduce 82%
15/05/15 22:29:34 INFO streaming.StreamJob:  map 100%  reduce 83%
15/05/15 22:29:35 INFO streaming.StreamJob:  map 100%  reduce 85%
15/05/15 22:29:36 INFO streaming.StreamJob:  map 100%  reduce 86%
15/05/15 22:29:37 INFO streaming.StreamJob:  map 100%  reduce 88%
15/05/15 22:29:38 INFO streaming.StreamJob:  map 100%  reduce 89%
15/05/15 22:29:39 INFO streaming.StreamJob:  map 100%  reduce 90%
15/05/15 22:29:40 INFO streaming.StreamJob:  map 100%  reduce 92%
15/05/15 22:29:41 INFO streaming.StreamJob:  map 100%  reduce 94%
15/05/15 22:29:43 INFO streaming.StreamJob:  map 100%  reduce 96%
15/05/15 22:29:44 INFO streaming.StreamJob:  map 100%  reduce 97%
15/05/15 22:29:45 INFO streaming.StreamJob:  map 100%  reduce 98%
15/05/15 22:29:47 INFO streaming.StreamJob:  map 100%  reduce 99%
15/05/15 22:29:49 INFO streaming.StreamJob:  map 100%  reduce 100%
15/05/15 22:32:40 INFO streaming.StreamJob: Job complete: job_201504101741_386998
15/05/15 22:32:40 INFO streaming.StreamJob: Output: /user/ml/personal_dev_new/training_data/round.two
Warning: $HADOOP_HOME is deprecated.

15/05/15 22:32:41 WARN streaming.StreamJob: -jobconf option is deprecated, please use -D instead.
packageJobJar: [./round2.countlines.py, /tmp/hadoop-chongweishen/hadoop-unjar395470843083009887/] [] /tmp/streamjob3070314771061105490.jar tmpDir=null
15/05/15 22:32:42 INFO lzo.GPLNativeCodeLoader: Loaded native gpl library
15/05/15 22:32:42 INFO lzo.LzoCodec: Successfully loaded & initialized native-lzo library [hadoop-lzo rev 6bb1b7f8b9044d8df9b4d2b6641db7658aab3cf8]
15/05/15 22:32:42 INFO mapred.FileInputFormat: Total input paths to process : 1697
15/05/15 22:32:44 INFO streaming.StreamJob: getLocalDirs(): [/home/hadoop/hdfs/data01/mapred/local/, /home/hadoop/hdfs/data02/mapred/local/, /home/hadoop/hdfs/data03/mapred/local/, /home/hadoop/hdfs/data04/mapred/local/, /home/hadoop/hdfs/data05/mapred/local/, /home/hadoop/hdfs/data06/mapred/local/, /home/hadoop/hdfs/data07/mapred/local/, /home/hadoop/hdfs/data08/mapred/local/, /home/hadoop/hdfs/data09/mapred/local/, /home/hadoop/hdfs/data10/mapred/local/, /home/hadoop/hdfs/data11/mapred/local/, /home/hadoop/hdfs/data12/mapred/local/]
15/05/15 22:32:44 INFO streaming.StreamJob: Running job: job_201504101741_387065
15/05/15 22:32:44 INFO streaming.StreamJob: To kill this job, run:
15/05/15 22:32:44 INFO streaming.StreamJob: /hadoop/hadoop-1.2.1/libexec/../bin/hadoop job  -Dmapred.job.tracker=jxq-job-01:9001 -kill job_201504101741_387065
15/05/15 22:32:44 INFO streaming.StreamJob: Tracking URL: http://jxq-job-01.meilishuo.com:50030/jobdetails.jsp?jobid=job_201504101741_387065
15/05/15 22:32:45 INFO streaming.StreamJob:  map 0%  reduce 0%
15/05/15 22:32:52 INFO streaming.StreamJob:  map 1%  reduce 0%
15/05/15 22:32:55 INFO streaming.StreamJob:  map 2%  reduce 0%
15/05/15 22:33:01 INFO streaming.StreamJob:  map 3%  reduce 0%
15/05/15 22:33:03 INFO streaming.StreamJob:  map 4%  reduce 0%
15/05/15 22:33:05 INFO streaming.StreamJob:  map 5%  reduce 0%
15/05/15 22:33:07 INFO streaming.StreamJob:  map 6%  reduce 0%
15/05/15 22:33:09 INFO streaming.StreamJob:  map 7%  reduce 0%
15/05/15 22:33:11 INFO streaming.StreamJob:  map 8%  reduce 0%
15/05/15 22:33:13 INFO streaming.StreamJob:  map 10%  reduce 0%
15/05/15 22:33:14 INFO streaming.StreamJob:  map 11%  reduce 0%
15/05/15 22:33:15 INFO streaming.StreamJob:  map 12%  reduce 0%
15/05/15 22:33:16 INFO streaming.StreamJob:  map 14%  reduce 0%
15/05/15 22:33:17 INFO streaming.StreamJob:  map 16%  reduce 0%
15/05/15 22:33:18 INFO streaming.StreamJob:  map 19%  reduce 0%
15/05/15 22:33:19 INFO streaming.StreamJob:  map 21%  reduce 0%
15/05/15 22:33:20 INFO streaming.StreamJob:  map 23%  reduce 0%
15/05/15 22:33:21 INFO streaming.StreamJob:  map 26%  reduce 0%
15/05/15 22:33:22 INFO streaming.StreamJob:  map 28%  reduce 0%
15/05/15 22:33:23 INFO streaming.StreamJob:  map 31%  reduce 0%
15/05/15 22:33:24 INFO streaming.StreamJob:  map 35%  reduce 0%
15/05/15 22:33:25 INFO streaming.StreamJob:  map 38%  reduce 0%
15/05/15 22:33:26 INFO streaming.StreamJob:  map 40%  reduce 0%
15/05/15 22:33:27 INFO streaming.StreamJob:  map 44%  reduce 0%
15/05/15 22:33:28 INFO streaming.StreamJob:  map 48%  reduce 0%
15/05/15 22:33:29 INFO streaming.StreamJob:  map 51%  reduce 0%
15/05/15 22:33:30 INFO streaming.StreamJob:  map 54%  reduce 0%
15/05/15 22:33:31 INFO streaming.StreamJob:  map 57%  reduce 0%
15/05/15 22:33:32 INFO streaming.StreamJob:  map 61%  reduce 0%
15/05/15 22:33:33 INFO streaming.StreamJob:  map 65%  reduce 0%
15/05/15 22:33:34 INFO streaming.StreamJob:  map 68%  reduce 0%
15/05/15 22:33:35 INFO streaming.StreamJob:  map 72%  reduce 0%
15/05/15 22:33:36 INFO streaming.StreamJob:  map 76%  reduce 0%
15/05/15 22:33:37 INFO streaming.StreamJob:  map 80%  reduce 0%
15/05/15 22:33:38 INFO streaming.StreamJob:  map 82%  reduce 0%
15/05/15 22:33:39 INFO streaming.StreamJob:  map 84%  reduce 0%
15/05/15 22:33:40 INFO streaming.StreamJob:  map 88%  reduce 0%
15/05/15 22:33:41 INFO streaming.StreamJob:  map 91%  reduce 0%
15/05/15 22:33:42 INFO streaming.StreamJob:  map 95%  reduce 0%
15/05/15 22:33:43 INFO streaming.StreamJob:  map 98%  reduce 0%
15/05/15 22:33:44 INFO streaming.StreamJob:  map 99%  reduce 0%
15/05/15 22:33:45 INFO streaming.StreamJob:  map 100%  reduce 0%
15/05/15 22:34:08 INFO streaming.StreamJob:  map 100%  reduce 20%
15/05/15 22:34:11 INFO streaming.StreamJob:  map 100%  reduce 28%
15/05/15 22:34:14 INFO streaming.StreamJob:  map 100%  reduce 33%
15/05/15 22:34:22 INFO streaming.StreamJob:  map 100%  reduce 100%
15/05/15 22:34:25 INFO streaming.StreamJob: Job complete: job_201504101741_387065
15/05/15 22:34:25 INFO streaming.StreamJob: Output: /user/ml/personal_dev_new/training_data/round.two/cl
Warning: $HADOOP_HOME is deprecated.

15/05/15 22:34:26 INFO util.NativeCodeLoader: Loaded the native-hadoop library
Warning: $HADOOP_HOME is deprecated.

15/05/15 22:34:27 WARN streaming.StreamJob: -jobconf option is deprecated, please use -D instead.
packageJobJar: [./round2.assign.py, /tmp/hadoop-chongweishen/hadoop-unjar50039545101351797/] [] /tmp/streamjob9168911834709414396.jar tmpDir=null
15/05/15 22:34:28 INFO lzo.GPLNativeCodeLoader: Loaded native gpl library
15/05/15 22:34:28 INFO lzo.LzoCodec: Successfully loaded & initialized native-lzo library [hadoop-lzo rev 6bb1b7f8b9044d8df9b4d2b6641db7658aab3cf8]
15/05/15 22:34:28 INFO mapred.FileInputFormat: Total input paths to process : 1697
15/05/15 22:34:30 INFO streaming.StreamJob: getLocalDirs(): [/home/hadoop/hdfs/data01/mapred/local/, /home/hadoop/hdfs/data02/mapred/local/, /home/hadoop/hdfs/data03/mapred/local/, /home/hadoop/hdfs/data04/mapred/local/, /home/hadoop/hdfs/data05/mapred/local/, /home/hadoop/hdfs/data06/mapred/local/, /home/hadoop/hdfs/data07/mapred/local/, /home/hadoop/hdfs/data08/mapred/local/, /home/hadoop/hdfs/data09/mapred/local/, /home/hadoop/hdfs/data10/mapred/local/, /home/hadoop/hdfs/data11/mapred/local/, /home/hadoop/hdfs/data12/mapred/local/]
15/05/15 22:34:30 INFO streaming.StreamJob: Running job: job_201504101741_387071
15/05/15 22:34:30 INFO streaming.StreamJob: To kill this job, run:
15/05/15 22:34:30 INFO streaming.StreamJob: /hadoop/hadoop-1.2.1/libexec/../bin/hadoop job  -Dmapred.job.tracker=jxq-job-01:9001 -kill job_201504101741_387071
15/05/15 22:34:30 INFO streaming.StreamJob: Tracking URL: http://jxq-job-01.meilishuo.com:50030/jobdetails.jsp?jobid=job_201504101741_387071
15/05/15 22:34:31 INFO streaming.StreamJob:  map 0%  reduce 0%
15/05/15 22:34:39 INFO streaming.StreamJob:  map 1%  reduce 0%
15/05/15 22:34:40 INFO streaming.StreamJob:  map 5%  reduce 0%
15/05/15 22:34:41 INFO streaming.StreamJob:  map 15%  reduce 0%
15/05/15 22:34:42 INFO streaming.StreamJob:  map 27%  reduce 0%
15/05/15 22:34:43 INFO streaming.StreamJob:  map 36%  reduce 0%
15/05/15 22:34:44 INFO streaming.StreamJob:  map 43%  reduce 0%
15/05/15 22:34:45 INFO streaming.StreamJob:  map 48%  reduce 0%
15/05/15 22:34:46 INFO streaming.StreamJob:  map 53%  reduce 0%
15/05/15 22:34:47 INFO streaming.StreamJob:  map 57%  reduce 0%
15/05/15 22:34:48 INFO streaming.StreamJob:  map 69%  reduce 0%
15/05/15 22:34:50 INFO streaming.StreamJob:  map 86%  reduce 0%
15/05/15 22:34:51 INFO streaming.StreamJob:  map 97%  reduce 0%
15/05/15 22:34:52 INFO streaming.StreamJob:  map 99%  reduce 0%
15/05/15 22:34:53 INFO streaming.StreamJob:  map 100%  reduce 0%
15/05/15 22:35:00 INFO streaming.StreamJob:  map 100%  reduce 100%
15/05/15 22:35:00 INFO streaming.StreamJob: Job complete: job_201504101741_387071
15/05/15 22:35:00 INFO streaming.StreamJob: Output: /user/ml/personal_dev_new/training_data/round.two/final
Warning: $HADOOP_HOME is deprecated.

rmr: cannot remove /user/ml/personal_dev_new/training_data/round.three: No such file or directory.
Warning: $HADOOP_HOME is deprecated.

15/05/15 22:35:02 WARN streaming.StreamJob: -jobconf option is deprecated, please use -D instead.
packageJobJar: [./round3.map.py, ./round3.red.py, /tmp/hadoop-chongweishen/hadoop-unjar6290573219073751322/] [] /tmp/streamjob3633617589809217170.jar tmpDir=null
15/05/15 22:35:03 INFO lzo.GPLNativeCodeLoader: Loaded native gpl library
15/05/15 22:35:03 INFO lzo.LzoCodec: Successfully loaded & initialized native-lzo library [hadoop-lzo rev 6bb1b7f8b9044d8df9b4d2b6641db7658aab3cf8]
15/05/15 22:35:03 INFO mapred.FileInputFormat: Total input paths to process : 6544
15/05/15 22:35:08 INFO streaming.StreamJob: getLocalDirs(): [/home/hadoop/hdfs/data01/mapred/local/, /home/hadoop/hdfs/data02/mapred/local/, /home/hadoop/hdfs/data03/mapred/local/, /home/hadoop/hdfs/data04/mapred/local/, /home/hadoop/hdfs/data05/mapred/local/, /home/hadoop/hdfs/data06/mapred/local/, /home/hadoop/hdfs/data07/mapred/local/, /home/hadoop/hdfs/data08/mapred/local/, /home/hadoop/hdfs/data09/mapred/local/, /home/hadoop/hdfs/data10/mapred/local/, /home/hadoop/hdfs/data11/mapred/local/, /home/hadoop/hdfs/data12/mapred/local/]
15/05/15 22:35:08 INFO streaming.StreamJob: Running job: job_201504101741_387076
15/05/15 22:35:08 INFO streaming.StreamJob: To kill this job, run:
15/05/15 22:35:08 INFO streaming.StreamJob: /hadoop/hadoop-1.2.1/libexec/../bin/hadoop job  -Dmapred.job.tracker=jxq-job-01:9001 -kill job_201504101741_387076
15/05/15 22:35:08 INFO streaming.StreamJob: Tracking URL: http://jxq-job-01.meilishuo.com:50030/jobdetails.jsp?jobid=job_201504101741_387076
15/05/15 22:35:09 INFO streaming.StreamJob:  map 0%  reduce 0%
15/05/15 22:35:21 INFO streaming.StreamJob:  map 1%  reduce 0%
15/05/15 22:35:23 INFO streaming.StreamJob:  map 2%  reduce 0%
15/05/15 22:35:24 INFO streaming.StreamJob:  map 3%  reduce 0%
15/05/15 22:35:25 INFO streaming.StreamJob:  map 5%  reduce 0%
15/05/15 22:35:26 INFO streaming.StreamJob:  map 6%  reduce 0%
15/05/15 22:35:27 INFO streaming.StreamJob:  map 7%  reduce 0%
15/05/15 22:35:28 INFO streaming.StreamJob:  map 8%  reduce 0%
15/05/15 22:35:29 INFO streaming.StreamJob:  map 9%  reduce 0%
15/05/15 22:35:30 INFO streaming.StreamJob:  map 11%  reduce 0%
15/05/15 22:35:31 INFO streaming.StreamJob:  map 12%  reduce 0%
15/05/15 22:35:32 INFO streaming.StreamJob:  map 13%  reduce 0%
15/05/15 22:35:33 INFO streaming.StreamJob:  map 14%  reduce 0%
15/05/15 22:35:34 INFO streaming.StreamJob:  map 15%  reduce 0%
15/05/15 22:35:35 INFO streaming.StreamJob:  map 16%  reduce 0%
15/05/15 22:35:36 INFO streaming.StreamJob:  map 17%  reduce 0%
15/05/15 22:35:38 INFO streaming.StreamJob:  map 18%  reduce 0%
15/05/15 22:35:42 INFO streaming.StreamJob:  map 19%  reduce 0%
15/05/15 22:35:48 INFO streaming.StreamJob:  map 20%  reduce 0%
15/05/15 22:35:51 INFO streaming.StreamJob:  map 21%  reduce 0%
15/05/15 22:35:53 INFO streaming.StreamJob:  map 22%  reduce 0%
15/05/15 22:35:55 INFO streaming.StreamJob:  map 23%  reduce 0%
15/05/15 22:35:56 INFO streaming.StreamJob:  map 24%  reduce 0%
15/05/15 22:35:58 INFO streaming.StreamJob:  map 25%  reduce 0%
15/05/15 22:35:59 INFO streaming.StreamJob:  map 26%  reduce 0%
15/05/15 22:36:01 INFO streaming.StreamJob:  map 27%  reduce 0%
15/05/15 22:36:02 INFO streaming.StreamJob:  map 28%  reduce 0%
15/05/15 22:36:04 INFO streaming.StreamJob:  map 29%  reduce 0%
15/05/15 22:36:05 INFO streaming.StreamJob:  map 30%  reduce 0%
15/05/15 22:36:07 INFO streaming.StreamJob:  map 31%  reduce 0%
15/05/15 22:36:09 INFO streaming.StreamJob:  map 32%  reduce 0%
15/05/15 22:36:12 INFO streaming.StreamJob:  map 33%  reduce 0%
15/05/15 22:36:13 INFO streaming.StreamJob:  map 34%  reduce 0%
15/05/15 22:36:15 INFO streaming.StreamJob:  map 35%  reduce 0%
15/05/15 22:36:17 INFO streaming.StreamJob:  map 36%  reduce 0%
15/05/15 22:36:18 INFO streaming.StreamJob:  map 37%  reduce 0%
15/05/15 22:36:19 INFO streaming.StreamJob:  map 38%  reduce 0%
15/05/15 22:36:20 INFO streaming.StreamJob:  map 39%  reduce 0%
15/05/15 22:36:21 INFO streaming.StreamJob:  map 40%  reduce 0%
15/05/15 22:36:22 INFO streaming.StreamJob:  map 41%  reduce 0%
15/05/15 22:36:23 INFO streaming.StreamJob:  map 42%  reduce 0%
15/05/15 22:36:24 INFO streaming.StreamJob:  map 43%  reduce 0%
15/05/15 22:36:25 INFO streaming.StreamJob:  map 44%  reduce 0%
15/05/15 22:36:26 INFO streaming.StreamJob:  map 45%  reduce 0%
15/05/15 22:36:27 INFO streaming.StreamJob:  map 46%  reduce 0%
15/05/15 22:36:28 INFO streaming.StreamJob:  map 47%  reduce 0%
15/05/15 22:36:29 INFO streaming.StreamJob:  map 48%  reduce 0%
15/05/15 22:36:30 INFO streaming.StreamJob:  map 49%  reduce 0%
15/05/15 22:36:32 INFO streaming.StreamJob:  map 50%  reduce 0%
15/05/15 22:36:33 INFO streaming.StreamJob:  map 51%  reduce 0%
15/05/15 22:36:35 INFO streaming.StreamJob:  map 52%  reduce 0%
15/05/15 22:36:37 INFO streaming.StreamJob:  map 53%  reduce 0%
15/05/15 22:36:38 INFO streaming.StreamJob:  map 54%  reduce 0%
15/05/15 22:36:39 INFO streaming.StreamJob:  map 55%  reduce 0%
15/05/15 22:36:41 INFO streaming.StreamJob:  map 56%  reduce 0%
15/05/15 22:36:42 INFO streaming.StreamJob:  map 57%  reduce 0%
15/05/15 22:36:43 INFO streaming.StreamJob:  map 58%  reduce 0%
15/05/15 22:36:45 INFO streaming.StreamJob:  map 59%  reduce 0%
15/05/15 22:36:46 INFO streaming.StreamJob:  map 60%  reduce 0%
15/05/15 22:36:47 INFO streaming.StreamJob:  map 61%  reduce 0%
15/05/15 22:36:48 INFO streaming.StreamJob:  map 62%  reduce 0%
15/05/15 22:36:49 INFO streaming.StreamJob:  map 63%  reduce 0%
15/05/15 22:36:50 INFO streaming.StreamJob:  map 64%  reduce 0%
15/05/15 22:36:51 INFO streaming.StreamJob:  map 65%  reduce 0%
15/05/15 22:36:52 INFO streaming.StreamJob:  map 67%  reduce 0%
15/05/15 22:36:53 INFO streaming.StreamJob:  map 68%  reduce 0%
15/05/15 22:36:54 INFO streaming.StreamJob:  map 69%  reduce 0%
15/05/15 22:36:55 INFO streaming.StreamJob:  map 70%  reduce 0%
15/05/15 22:36:57 INFO streaming.StreamJob:  map 71%  reduce 0%
15/05/15 22:36:58 INFO streaming.StreamJob:  map 73%  reduce 0%
15/05/15 22:36:59 INFO streaming.StreamJob:  map 75%  reduce 0%
15/05/15 22:37:00 INFO streaming.StreamJob:  map 77%  reduce 0%
15/05/15 22:37:01 INFO streaming.StreamJob:  map 78%  reduce 0%
15/05/15 22:37:02 INFO streaming.StreamJob:  map 80%  reduce 0%
15/05/15 22:37:03 INFO streaming.StreamJob:  map 82%  reduce 0%
15/05/15 22:37:04 INFO streaming.StreamJob:  map 84%  reduce 0%
15/05/15 22:37:05 INFO streaming.StreamJob:  map 85%  reduce 0%
15/05/15 22:37:06 INFO streaming.StreamJob:  map 88%  reduce 0%
15/05/15 22:37:07 INFO streaming.StreamJob:  map 90%  reduce 0%
15/05/15 22:37:09 INFO streaming.StreamJob:  map 93%  reduce 0%
15/05/15 22:37:10 INFO streaming.StreamJob:  map 95%  reduce 0%
15/05/15 22:37:11 INFO streaming.StreamJob:  map 97%  reduce 0%
15/05/15 22:37:12 INFO streaming.StreamJob:  map 98%  reduce 0%
15/05/15 22:37:13 INFO streaming.StreamJob:  map 99%  reduce 0%
15/05/15 22:37:14 INFO streaming.StreamJob:  map 100%  reduce 0%
15/05/15 22:37:22 INFO streaming.StreamJob:  map 100%  reduce 1%
15/05/15 22:37:33 INFO streaming.StreamJob:  map 100%  reduce 2%
15/05/15 22:37:39 INFO streaming.StreamJob:  map 100%  reduce 3%
15/05/15 22:37:46 INFO streaming.StreamJob:  map 100%  reduce 4%
15/05/15 22:37:54 INFO streaming.StreamJob:  map 100%  reduce 5%
15/05/15 22:38:02 INFO streaming.StreamJob:  map 100%  reduce 6%
15/05/15 22:38:07 INFO streaming.StreamJob:  map 100%  reduce 7%
15/05/15 22:38:12 INFO streaming.StreamJob:  map 100%  reduce 8%
15/05/15 22:38:15 INFO streaming.StreamJob:  map 100%  reduce 9%
15/05/15 22:38:17 INFO streaming.StreamJob:  map 100%  reduce 10%
15/05/15 22:38:18 INFO streaming.StreamJob:  map 100%  reduce 11%
15/05/15 22:38:20 INFO streaming.StreamJob:  map 100%  reduce 12%
15/05/15 22:38:21 INFO streaming.StreamJob:  map 100%  reduce 13%
15/05/15 22:38:22 INFO streaming.StreamJob:  map 100%  reduce 14%
15/05/15 22:38:24 INFO streaming.StreamJob:  map 100%  reduce 15%
15/05/15 22:38:25 INFO streaming.StreamJob:  map 100%  reduce 16%
15/05/15 22:38:27 INFO streaming.StreamJob:  map 100%  reduce 17%
15/05/15 22:38:29 INFO streaming.StreamJob:  map 100%  reduce 18%
15/05/15 22:38:31 INFO streaming.StreamJob:  map 100%  reduce 19%
15/05/15 22:38:33 INFO streaming.StreamJob:  map 100%  reduce 20%
15/05/15 22:38:35 INFO streaming.StreamJob:  map 100%  reduce 21%
15/05/15 22:38:37 INFO streaming.StreamJob:  map 100%  reduce 22%
15/05/15 22:38:39 INFO streaming.StreamJob:  map 100%  reduce 23%
15/05/15 22:38:41 INFO streaming.StreamJob:  map 100%  reduce 24%
15/05/15 22:38:45 INFO streaming.StreamJob:  map 100%  reduce 25%
15/05/15 22:38:47 INFO streaming.StreamJob:  map 100%  reduce 26%
15/05/15 22:38:51 INFO streaming.StreamJob:  map 100%  reduce 27%
15/05/15 22:38:55 INFO streaming.StreamJob:  map 100%  reduce 28%
15/05/15 22:38:59 INFO streaming.StreamJob:  map 100%  reduce 29%
15/05/15 22:39:02 INFO streaming.StreamJob:  map 100%  reduce 30%
15/05/15 22:39:06 INFO streaming.StreamJob:  map 100%  reduce 31%
15/05/15 22:39:12 INFO streaming.StreamJob:  map 100%  reduce 32%
15/05/15 22:39:19 INFO streaming.StreamJob:  map 100%  reduce 33%
15/05/15 22:39:27 INFO streaming.StreamJob:  map 100%  reduce 34%
15/05/15 22:39:36 INFO streaming.StreamJob:  map 100%  reduce 35%
15/05/15 22:39:46 INFO streaming.StreamJob:  map 100%  reduce 36%
15/05/15 22:39:53 INFO streaming.StreamJob:  map 100%  reduce 37%
15/05/15 22:40:02 INFO streaming.StreamJob:  map 100%  reduce 38%
15/05/15 22:40:08 INFO streaming.StreamJob:  map 100%  reduce 39%
15/05/15 22:40:11 INFO streaming.StreamJob:  map 100%  reduce 40%
15/05/15 22:40:13 INFO streaming.StreamJob:  map 100%  reduce 41%
15/05/15 22:40:14 INFO streaming.StreamJob:  map 100%  reduce 42%
15/05/15 22:40:16 INFO streaming.StreamJob:  map 100%  reduce 43%
15/05/15 22:40:17 INFO streaming.StreamJob:  map 100%  reduce 44%
15/05/15 22:40:18 INFO streaming.StreamJob:  map 100%  reduce 45%
15/05/15 22:40:19 INFO streaming.StreamJob:  map 100%  reduce 46%
15/05/15 22:40:20 INFO streaming.StreamJob:  map 100%  reduce 47%
15/05/15 22:40:21 INFO streaming.StreamJob:  map 100%  reduce 48%
15/05/15 22:40:23 INFO streaming.StreamJob:  map 100%  reduce 49%
15/05/15 22:40:24 INFO streaming.StreamJob:  map 100%  reduce 50%
15/05/15 22:40:25 INFO streaming.StreamJob:  map 100%  reduce 51%
15/05/15 22:40:27 INFO streaming.StreamJob:  map 100%  reduce 52%
15/05/15 22:40:29 INFO streaming.StreamJob:  map 100%  reduce 53%
15/05/15 22:40:32 INFO streaming.StreamJob:  map 100%  reduce 54%
15/05/15 22:40:34 INFO streaming.StreamJob:  map 100%  reduce 55%
15/05/15 22:40:37 INFO streaming.StreamJob:  map 100%  reduce 56%
15/05/15 22:40:42 INFO streaming.StreamJob:  map 100%  reduce 57%
15/05/15 22:40:47 INFO streaming.StreamJob:  map 100%  reduce 58%
15/05/15 22:40:55 INFO streaming.StreamJob:  map 100%  reduce 59%
15/05/15 22:41:08 INFO streaming.StreamJob:  map 100%  reduce 60%
15/05/15 22:41:19 INFO streaming.StreamJob:  map 100%  reduce 61%
15/05/15 22:41:35 INFO streaming.StreamJob:  map 100%  reduce 62%
15/05/15 22:41:46 INFO streaming.StreamJob:  map 100%  reduce 63%
15/05/15 22:42:02 INFO streaming.StreamJob:  map 100%  reduce 64%
15/05/15 22:42:14 INFO streaming.StreamJob:  map 100%  reduce 65%
15/05/15 22:42:29 INFO streaming.StreamJob:  map 100%  reduce 66%
15/05/15 22:42:37 INFO streaming.StreamJob:  map 100%  reduce 67%
15/05/15 22:42:39 INFO streaming.StreamJob:  map 100%  reduce 68%
15/05/15 22:42:40 INFO streaming.StreamJob:  map 100%  reduce 69%
15/05/15 22:42:41 INFO streaming.StreamJob:  map 100%  reduce 70%
15/05/15 22:42:42 INFO streaming.StreamJob:  map 100%  reduce 71%
15/05/15 22:42:43 INFO streaming.StreamJob:  map 100%  reduce 72%
15/05/15 22:42:44 INFO streaming.StreamJob:  map 100%  reduce 73%
15/05/15 22:42:45 INFO streaming.StreamJob:  map 100%  reduce 75%
15/05/15 22:42:46 INFO streaming.StreamJob:  map 100%  reduce 76%
15/05/15 22:42:48 INFO streaming.StreamJob:  map 100%  reduce 77%
15/05/15 22:42:49 INFO streaming.StreamJob:  map 100%  reduce 78%
15/05/15 22:42:50 INFO streaming.StreamJob:  map 100%  reduce 79%
15/05/15 22:42:52 INFO streaming.StreamJob:  map 100%  reduce 80%
15/05/15 22:42:53 INFO streaming.StreamJob:  map 100%  reduce 81%
15/05/15 22:42:55 INFO streaming.StreamJob:  map 100%  reduce 82%
15/05/15 22:42:57 INFO streaming.StreamJob:  map 100%  reduce 83%
15/05/15 22:43:01 INFO streaming.StreamJob:  map 100%  reduce 84%
15/05/15 22:43:09 INFO streaming.StreamJob:  map 100%  reduce 85%
15/05/15 22:43:23 INFO streaming.StreamJob:  map 100%  reduce 86%
15/05/15 22:43:37 INFO streaming.StreamJob:  map 100%  reduce 87%
15/05/15 22:43:51 INFO streaming.StreamJob:  map 100%  reduce 88%
15/05/15 22:44:04 INFO streaming.StreamJob:  map 100%  reduce 89%
15/05/15 22:44:09 INFO streaming.StreamJob:  map 100%  reduce 90%
15/05/15 22:44:12 INFO streaming.StreamJob:  map 100%  reduce 91%
15/05/15 22:44:15 INFO streaming.StreamJob:  map 100%  reduce 92%
15/05/15 22:44:16 INFO streaming.StreamJob:  map 100%  reduce 93%
15/05/15 22:44:17 INFO streaming.StreamJob:  map 100%  reduce 94%
15/05/15 22:44:19 INFO streaming.StreamJob:  map 100%  reduce 95%
15/05/15 22:44:21 INFO streaming.StreamJob:  map 100%  reduce 96%
15/05/15 22:44:22 INFO streaming.StreamJob:  map 100%  reduce 97%
15/05/15 22:44:25 INFO streaming.StreamJob:  map 100%  reduce 98%
15/05/15 22:44:26 INFO streaming.StreamJob:  map 100%  reduce 99%
15/05/15 22:44:32 INFO streaming.StreamJob:  map 100%  reduce 100%
15/05/15 22:57:07 INFO streaming.StreamJob: Job complete: job_201504101741_387076
15/05/15 22:57:07 INFO streaming.StreamJob: Output: /user/ml/personal_dev_new/training_data/round.three
Warning: $HADOOP_HOME is deprecated.

rmr: cannot remove /user/ml/personal_dev_new/training_data/round.four: No such file or directory.
Warning: $HADOOP_HOME is deprecated.

15/05/15 22:57:09 WARN streaming.StreamJob: -jobconf option is deprecated, please use -D instead.
packageJobJar: [./round4.map.py, ./round4.red.py, /tmp/hadoop-chongweishen/hadoop-unjar5040479261233928519/] [] /tmp/streamjob1702378110408112578.jar tmpDir=null
15/05/15 22:57:10 INFO lzo.GPLNativeCodeLoader: Loaded native gpl library
15/05/15 22:57:10 INFO lzo.LzoCodec: Successfully loaded & initialized native-lzo library [hadoop-lzo rev 6bb1b7f8b9044d8df9b4d2b6641db7658aab3cf8]
15/05/15 22:57:11 INFO mapred.FileInputFormat: Total input paths to process : 9336
15/05/15 22:57:16 INFO streaming.StreamJob: getLocalDirs(): [/home/hadoop/hdfs/data01/mapred/local/, /home/hadoop/hdfs/data02/mapred/local/, /home/hadoop/hdfs/data03/mapred/local/, /home/hadoop/hdfs/data04/mapred/local/, /home/hadoop/hdfs/data05/mapred/local/, /home/hadoop/hdfs/data06/mapred/local/, /home/hadoop/hdfs/data07/mapred/local/, /home/hadoop/hdfs/data08/mapred/local/, /home/hadoop/hdfs/data09/mapred/local/, /home/hadoop/hdfs/data10/mapred/local/, /home/hadoop/hdfs/data11/mapred/local/, /home/hadoop/hdfs/data12/mapred/local/]
15/05/15 22:57:16 INFO streaming.StreamJob: Running job: job_201504101741_387197
15/05/15 22:57:16 INFO streaming.StreamJob: To kill this job, run:
15/05/15 22:57:16 INFO streaming.StreamJob: /hadoop/hadoop-1.2.1/libexec/../bin/hadoop job  -Dmapred.job.tracker=jxq-job-01:9001 -kill job_201504101741_387197
15/05/15 22:57:16 INFO streaming.StreamJob: Tracking URL: http://jxq-job-01.meilishuo.com:50030/jobdetails.jsp?jobid=job_201504101741_387197
15/05/15 22:57:17 INFO streaming.StreamJob:  map 0%  reduce 0%
15/05/15 22:57:29 INFO streaming.StreamJob:  map 1%  reduce 0%
15/05/15 22:57:31 INFO streaming.StreamJob:  map 2%  reduce 0%
15/05/15 22:57:33 INFO streaming.StreamJob:  map 3%  reduce 0%
15/05/15 22:57:36 INFO streaming.StreamJob:  map 4%  reduce 0%
15/05/15 22:57:38 INFO streaming.StreamJob:  map 5%  reduce 0%
15/05/15 22:57:41 INFO streaming.StreamJob:  map 6%  reduce 0%
15/05/15 22:57:43 INFO streaming.StreamJob:  map 7%  reduce 0%
15/05/15 22:57:45 INFO streaming.StreamJob:  map 8%  reduce 0%
15/05/15 22:57:48 INFO streaming.StreamJob:  map 9%  reduce 0%
15/05/15 22:57:51 INFO streaming.StreamJob:  map 10%  reduce 0%
15/05/15 22:57:53 INFO streaming.StreamJob:  map 11%  reduce 0%
15/05/15 22:57:55 INFO streaming.StreamJob:  map 12%  reduce 0%
15/05/15 22:57:57 INFO streaming.StreamJob:  map 13%  reduce 0%
15/05/15 22:57:59 INFO streaming.StreamJob:  map 14%  reduce 0%
15/05/15 22:58:02 INFO streaming.StreamJob:  map 15%  reduce 0%
15/05/15 22:58:04 INFO streaming.StreamJob:  map 16%  reduce 0%
15/05/15 22:58:09 INFO streaming.StreamJob:  map 17%  reduce 0%
15/05/15 22:58:55 INFO streaming.StreamJob:  map 18%  reduce 0%
15/05/15 22:58:58 INFO streaming.StreamJob:  map 19%  reduce 0%
15/05/15 22:59:00 INFO streaming.StreamJob:  map 20%  reduce 0%
15/05/15 22:59:02 INFO streaming.StreamJob:  map 21%  reduce 0%
15/05/15 22:59:03 INFO streaming.StreamJob:  map 22%  reduce 0%
15/05/15 22:59:04 INFO streaming.StreamJob:  map 23%  reduce 0%
15/05/15 22:59:05 INFO streaming.StreamJob:  map 24%  reduce 0%
15/05/15 22:59:06 INFO streaming.StreamJob:  map 25%  reduce 0%
15/05/15 22:59:07 INFO streaming.StreamJob:  map 26%  reduce 0%
15/05/15 22:59:08 INFO streaming.StreamJob:  map 27%  reduce 0%
15/05/15 22:59:09 INFO streaming.StreamJob:  map 28%  reduce 0%
15/05/15 22:59:10 INFO streaming.StreamJob:  map 29%  reduce 0%
15/05/15 22:59:11 INFO streaming.StreamJob:  map 30%  reduce 0%
15/05/15 22:59:12 INFO streaming.StreamJob:  map 31%  reduce 0%
15/05/15 22:59:14 INFO streaming.StreamJob:  map 32%  reduce 0%
15/05/15 22:59:15 INFO streaming.StreamJob:  map 33%  reduce 0%
15/05/15 22:59:16 INFO streaming.StreamJob:  map 35%  reduce 0%
15/05/15 22:59:17 INFO streaming.StreamJob:  map 36%  reduce 0%
15/05/15 22:59:18 INFO streaming.StreamJob:  map 37%  reduce 0%
15/05/15 22:59:19 INFO streaming.StreamJob:  map 38%  reduce 0%
15/05/15 22:59:20 INFO streaming.StreamJob:  map 39%  reduce 0%
15/05/15 22:59:21 INFO streaming.StreamJob:  map 40%  reduce 0%
15/05/15 22:59:22 INFO streaming.StreamJob:  map 41%  reduce 0%
15/05/15 22:59:23 INFO streaming.StreamJob:  map 42%  reduce 0%
15/05/15 22:59:24 INFO streaming.StreamJob:  map 43%  reduce 0%
15/05/15 22:59:25 INFO streaming.StreamJob:  map 44%  reduce 0%
15/05/15 22:59:26 INFO streaming.StreamJob:  map 45%  reduce 0%
15/05/15 22:59:27 INFO streaming.StreamJob:  map 46%  reduce 0%
15/05/15 22:59:28 INFO streaming.StreamJob:  map 47%  reduce 0%
15/05/15 22:59:29 INFO streaming.StreamJob:  map 48%  reduce 0%
15/05/15 22:59:31 INFO streaming.StreamJob:  map 49%  reduce 0%
15/05/15 22:59:32 INFO streaming.StreamJob:  map 50%  reduce 0%
15/05/15 22:59:33 INFO streaming.StreamJob:  map 51%  reduce 0%
15/05/15 22:59:34 INFO streaming.StreamJob:  map 52%  reduce 0%
15/05/15 22:59:36 INFO streaming.StreamJob:  map 53%  reduce 0%
15/05/15 22:59:37 INFO streaming.StreamJob:  map 54%  reduce 0%
15/05/15 22:59:38 INFO streaming.StreamJob:  map 55%  reduce 0%
15/05/15 22:59:39 INFO streaming.StreamJob:  map 56%  reduce 0%
15/05/15 22:59:40 INFO streaming.StreamJob:  map 57%  reduce 0%
15/05/15 22:59:41 INFO streaming.StreamJob:  map 58%  reduce 0%
15/05/15 22:59:42 INFO streaming.StreamJob:  map 59%  reduce 0%
15/05/15 22:59:43 INFO streaming.StreamJob:  map 60%  reduce 0%
15/05/15 22:59:44 INFO streaming.StreamJob:  map 61%  reduce 0%
15/05/15 22:59:46 INFO streaming.StreamJob:  map 62%  reduce 0%
15/05/15 22:59:49 INFO streaming.StreamJob:  map 63%  reduce 0%
15/05/15 22:59:51 INFO streaming.StreamJob:  map 64%  reduce 0%
15/05/15 22:59:53 INFO streaming.StreamJob:  map 65%  reduce 0%
15/05/15 22:59:54 INFO streaming.StreamJob:  map 66%  reduce 0%
15/05/15 22:59:55 INFO streaming.StreamJob:  map 67%  reduce 0%
15/05/15 22:59:57 INFO streaming.StreamJob:  map 68%  reduce 0%
15/05/15 22:59:58 INFO streaming.StreamJob:  map 69%  reduce 0%
15/05/15 22:59:59 INFO streaming.StreamJob:  map 70%  reduce 0%
15/05/15 23:00:00 INFO streaming.StreamJob:  map 71%  reduce 0%
15/05/15 23:00:02 INFO streaming.StreamJob:  map 72%  reduce 0%
15/05/15 23:00:05 INFO streaming.StreamJob:  map 73%  reduce 0%
15/05/15 23:00:10 INFO streaming.StreamJob:  map 74%  reduce 0%
15/05/15 23:00:16 INFO streaming.StreamJob:  map 75%  reduce 0%
15/05/15 23:00:20 INFO streaming.StreamJob:  map 76%  reduce 0%
15/05/15 23:00:23 INFO streaming.StreamJob:  map 77%  reduce 0%
15/05/15 23:00:24 INFO streaming.StreamJob:  map 78%  reduce 0%
15/05/15 23:00:25 INFO streaming.StreamJob:  map 79%  reduce 0%
15/05/15 23:00:26 INFO streaming.StreamJob:  map 80%  reduce 0%
15/05/15 23:00:28 INFO streaming.StreamJob:  map 81%  reduce 0%
15/05/15 23:00:29 INFO streaming.StreamJob:  map 82%  reduce 0%
15/05/15 23:00:30 INFO streaming.StreamJob:  map 83%  reduce 0%
15/05/15 23:00:31 INFO streaming.StreamJob:  map 84%  reduce 0%
15/05/15 23:00:32 INFO streaming.StreamJob:  map 85%  reduce 0%
15/05/15 23:00:35 INFO streaming.StreamJob:  map 86%  reduce 0%
15/05/15 23:00:38 INFO streaming.StreamJob:  map 87%  reduce 0%
15/05/15 23:00:55 INFO streaming.StreamJob:  map 88%  reduce 0%
15/05/15 23:00:56 INFO streaming.StreamJob:  map 89%  reduce 0%
15/05/15 23:00:58 INFO streaming.StreamJob:  map 90%  reduce 0%
15/05/15 23:01:00 INFO streaming.StreamJob:  map 91%  reduce 0%
15/05/15 23:01:03 INFO streaming.StreamJob:  map 92%  reduce 0%
15/05/15 23:01:07 INFO streaming.StreamJob:  map 93%  reduce 0%
15/05/15 23:01:08 INFO streaming.StreamJob:  map 94%  reduce 0%
15/05/15 23:01:11 INFO streaming.StreamJob:  map 95%  reduce 0%
15/05/15 23:01:14 INFO streaming.StreamJob:  map 96%  reduce 0%
15/05/15 23:01:17 INFO streaming.StreamJob:  map 97%  reduce 0%
15/05/15 23:01:21 INFO streaming.StreamJob:  map 98%  reduce 0%
15/05/15 23:01:23 INFO streaming.StreamJob:  map 99%  reduce 0%
15/05/15 23:01:24 INFO streaming.StreamJob:  map 99%  reduce 1%
15/05/15 23:01:25 INFO streaming.StreamJob:  map 100%  reduce 1%
15/05/15 23:02:01 INFO streaming.StreamJob:  map 100%  reduce 2%
15/05/15 23:02:32 INFO streaming.StreamJob:  map 100%  reduce 3%
15/05/15 23:02:48 INFO streaming.StreamJob:  map 100%  reduce 4%
15/05/15 23:03:00 INFO streaming.StreamJob:  map 100%  reduce 5%
15/05/15 23:03:09 INFO streaming.StreamJob:  map 100%  reduce 6%
15/05/15 23:03:18 INFO streaming.StreamJob:  map 100%  reduce 7%
15/05/15 23:03:26 INFO streaming.StreamJob:  map 100%  reduce 8%
15/05/15 23:03:30 INFO streaming.StreamJob:  map 100%  reduce 9%
15/05/15 23:03:32 INFO streaming.StreamJob:  map 100%  reduce 10%
15/05/15 23:03:35 INFO streaming.StreamJob:  map 100%  reduce 11%
15/05/15 23:03:36 INFO streaming.StreamJob:  map 100%  reduce 12%
15/05/15 23:03:37 INFO streaming.StreamJob:  map 100%  reduce 13%
15/05/15 23:03:38 INFO streaming.StreamJob:  map 100%  reduce 14%
15/05/15 23:03:39 INFO streaming.StreamJob:  map 100%  reduce 15%
15/05/15 23:03:41 INFO streaming.StreamJob:  map 100%  reduce 16%
15/05/15 23:03:42 INFO streaming.StreamJob:  map 100%  reduce 17%
15/05/15 23:03:43 INFO streaming.StreamJob:  map 100%  reduce 18%
15/05/15 23:03:45 INFO streaming.StreamJob:  map 100%  reduce 19%
15/05/15 23:03:47 INFO streaming.StreamJob:  map 100%  reduce 20%
15/05/15 23:03:49 INFO streaming.StreamJob:  map 100%  reduce 21%
15/05/15 23:03:53 INFO streaming.StreamJob:  map 100%  reduce 22%
15/05/15 23:03:57 INFO streaming.StreamJob:  map 100%  reduce 23%
15/05/15 23:04:04 INFO streaming.StreamJob:  map 100%  reduce 24%
15/05/15 23:04:18 INFO streaming.StreamJob:  map 100%  reduce 25%
15/05/15 23:05:02 INFO streaming.StreamJob:  map 100%  reduce 26%
15/05/15 23:05:33 INFO streaming.StreamJob:  map 100%  reduce 27%
15/05/15 23:05:46 INFO streaming.StreamJob:  map 100%  reduce 28%
15/05/15 23:05:56 INFO streaming.StreamJob:  map 100%  reduce 29%
15/05/15 23:06:03 INFO streaming.StreamJob:  map 100%  reduce 30%
15/05/15 23:06:11 INFO streaming.StreamJob:  map 100%  reduce 31%
15/05/15 23:06:16 INFO streaming.StreamJob:  map 100%  reduce 32%
15/05/15 23:06:22 INFO streaming.StreamJob:  map 100%  reduce 33%
15/05/15 23:06:29 INFO streaming.StreamJob:  map 100%  reduce 34%
15/05/15 23:06:35 INFO streaming.StreamJob:  map 100%  reduce 35%
15/05/15 23:06:43 INFO streaming.StreamJob:  map 100%  reduce 36%
15/05/15 23:06:55 INFO streaming.StreamJob:  map 100%  reduce 37%
15/05/15 23:07:08 INFO streaming.StreamJob:  map 100%  reduce 38%
15/05/15 23:07:21 INFO streaming.StreamJob:  map 100%  reduce 39%
15/05/15 23:07:28 INFO streaming.StreamJob:  map 100%  reduce 40%
15/05/15 23:07:33 INFO streaming.StreamJob:  map 100%  reduce 41%
15/05/15 23:07:36 INFO streaming.StreamJob:  map 100%  reduce 42%
15/05/15 23:07:39 INFO streaming.StreamJob:  map 100%  reduce 43%
15/05/15 23:07:42 INFO streaming.StreamJob:  map 100%  reduce 44%
15/05/15 23:07:46 INFO streaming.StreamJob:  map 100%  reduce 45%
15/05/15 23:07:48 INFO streaming.StreamJob:  map 100%  reduce 46%
15/05/15 23:07:50 INFO streaming.StreamJob:  map 100%  reduce 47%
15/05/15 23:07:53 INFO streaming.StreamJob:  map 100%  reduce 48%
15/05/15 23:07:54 INFO streaming.StreamJob:  map 100%  reduce 49%
15/05/15 23:07:57 INFO streaming.StreamJob:  map 100%  reduce 50%
15/05/15 23:08:00 INFO streaming.StreamJob:  map 100%  reduce 51%
15/05/15 23:08:03 INFO streaming.StreamJob:  map 100%  reduce 52%
15/05/15 23:08:08 INFO streaming.StreamJob:  map 100%  reduce 53%
15/05/15 23:08:13 INFO streaming.StreamJob:  map 100%  reduce 54%
15/05/15 23:08:19 INFO streaming.StreamJob:  map 100%  reduce 55%
15/05/15 23:08:24 INFO streaming.StreamJob:  map 100%  reduce 56%
15/05/15 23:08:32 INFO streaming.StreamJob:  map 100%  reduce 57%
15/05/15 23:08:42 INFO streaming.StreamJob:  map 100%  reduce 58%
15/05/15 23:08:53 INFO streaming.StreamJob:  map 100%  reduce 59%
15/05/15 23:09:04 INFO streaming.StreamJob:  map 100%  reduce 60%
15/05/15 23:09:12 INFO streaming.StreamJob:  map 100%  reduce 61%
15/05/15 23:09:23 INFO streaming.StreamJob:  map 100%  reduce 62%
15/05/15 23:09:32 INFO streaming.StreamJob:  map 100%  reduce 63%
15/05/15 23:09:36 INFO streaming.StreamJob:  map 100%  reduce 64%
15/05/15 23:09:39 INFO streaming.StreamJob:  map 100%  reduce 65%
15/05/15 23:09:41 INFO streaming.StreamJob:  map 100%  reduce 66%
15/05/15 23:09:44 INFO streaming.StreamJob:  map 100%  reduce 67%
15/05/15 23:09:48 INFO streaming.StreamJob:  map 100%  reduce 68%
15/05/15 23:09:50 INFO streaming.StreamJob:  map 100%  reduce 69%
15/05/15 23:09:54 INFO streaming.StreamJob:  map 100%  reduce 70%
15/05/15 23:09:56 INFO streaming.StreamJob:  map 100%  reduce 71%
15/05/15 23:09:59 INFO streaming.StreamJob:  map 100%  reduce 72%
15/05/15 23:10:02 INFO streaming.StreamJob:  map 100%  reduce 73%
15/05/15 23:10:05 INFO streaming.StreamJob:  map 100%  reduce 74%
15/05/15 23:10:08 INFO streaming.StreamJob:  map 100%  reduce 75%
15/05/15 23:10:11 INFO streaming.StreamJob:  map 100%  reduce 76%
15/05/15 23:10:15 INFO streaming.StreamJob:  map 100%  reduce 77%
15/05/15 23:10:19 INFO streaming.StreamJob:  map 100%  reduce 78%
15/05/15 23:10:24 INFO streaming.StreamJob:  map 100%  reduce 79%
15/05/15 23:10:30 INFO streaming.StreamJob:  map 100%  reduce 80%
15/05/15 23:10:38 INFO streaming.StreamJob:  map 100%  reduce 81%
15/05/15 23:10:48 INFO streaming.StreamJob:  map 100%  reduce 82%
15/05/15 23:11:00 INFO streaming.StreamJob:  map 100%  reduce 83%
15/05/15 23:11:13 INFO streaming.StreamJob:  map 100%  reduce 84%
15/05/15 23:11:20 INFO streaming.StreamJob:  map 100%  reduce 85%
15/05/15 23:11:24 INFO streaming.StreamJob:  map 100%  reduce 86%
15/05/15 23:11:27 INFO streaming.StreamJob:  map 100%  reduce 87%
15/05/15 23:11:30 INFO streaming.StreamJob:  map 100%  reduce 88%
15/05/15 23:11:33 INFO streaming.StreamJob:  map 100%  reduce 89%
15/05/15 23:11:36 INFO streaming.StreamJob:  map 100%  reduce 90%
15/05/15 23:11:39 INFO streaming.StreamJob:  map 100%  reduce 91%
15/05/15 23:11:42 INFO streaming.StreamJob:  map 100%  reduce 92%
15/05/15 23:11:46 INFO streaming.StreamJob:  map 100%  reduce 93%
15/05/15 23:11:48 INFO streaming.StreamJob:  map 100%  reduce 94%
15/05/15 23:11:51 INFO streaming.StreamJob:  map 100%  reduce 95%
15/05/15 23:11:55 INFO streaming.StreamJob:  map 100%  reduce 96%
15/05/15 23:12:00 INFO streaming.StreamJob:  map 100%  reduce 97%
15/05/15 23:12:06 INFO streaming.StreamJob:  map 100%  reduce 98%
15/05/15 23:12:12 INFO streaming.StreamJob:  map 100%  reduce 99%
15/05/15 23:12:20 INFO streaming.StreamJob:  map 100%  reduce 100%
15/05/15 23:14:51 INFO streaming.StreamJob: Job complete: job_201504101741_387197
15/05/15 23:14:51 INFO streaming.StreamJob: Output: /user/ml/personal_dev_new/training_data/round.four
Warning: $HADOOP_HOME is deprecated.

rmr: cannot remove /user/ml/personal_dev_new/training_data/round.five: No such file or directory.
Warning: $HADOOP_HOME is deprecated.

packageJobJar: [./round5.map.py, ./round5.red.py, /tmp/hadoop-chongweishen/hadoop-unjar4595916197236068709/] [] /tmp/streamjob4979843600289614160.jar tmpDir=null
15/05/15 23:14:54 INFO lzo.GPLNativeCodeLoader: Loaded native gpl library
15/05/15 23:14:54 INFO lzo.LzoCodec: Successfully loaded & initialized native-lzo library [hadoop-lzo rev 6bb1b7f8b9044d8df9b4d2b6641db7658aab3cf8]
15/05/15 23:14:54 INFO mapred.FileInputFormat: Total input paths to process : 5480
15/05/15 23:14:58 INFO streaming.StreamJob: getLocalDirs(): [/home/hadoop/hdfs/data01/mapred/local/, /home/hadoop/hdfs/data02/mapred/local/, /home/hadoop/hdfs/data03/mapred/local/, /home/hadoop/hdfs/data04/mapred/local/, /home/hadoop/hdfs/data05/mapred/local/, /home/hadoop/hdfs/data06/mapred/local/, /home/hadoop/hdfs/data07/mapred/local/, /home/hadoop/hdfs/data08/mapred/local/, /home/hadoop/hdfs/data09/mapred/local/, /home/hadoop/hdfs/data10/mapred/local/, /home/hadoop/hdfs/data11/mapred/local/, /home/hadoop/hdfs/data12/mapred/local/]
15/05/15 23:14:58 INFO streaming.StreamJob: Running job: job_201504101741_387318
15/05/15 23:14:58 INFO streaming.StreamJob: To kill this job, run:
15/05/15 23:14:58 INFO streaming.StreamJob: /hadoop/hadoop-1.2.1/libexec/../bin/hadoop job  -Dmapred.job.tracker=jxq-job-01:9001 -kill job_201504101741_387318
15/05/15 23:14:58 INFO streaming.StreamJob: Tracking URL: http://jxq-job-01.meilishuo.com:50030/jobdetails.jsp?jobid=job_201504101741_387318
15/05/15 23:14:59 INFO streaming.StreamJob:  map 0%  reduce 0%
15/05/15 23:15:06 INFO streaming.StreamJob:  map 2%  reduce 0%
15/05/15 23:15:07 INFO streaming.StreamJob:  map 4%  reduce 0%
15/05/15 23:15:08 INFO streaming.StreamJob:  map 10%  reduce 0%
15/05/15 23:15:09 INFO streaming.StreamJob:  map 16%  reduce 0%
15/05/15 23:15:10 INFO streaming.StreamJob:  map 23%  reduce 0%
15/05/15 23:15:11 INFO streaming.StreamJob:  map 28%  reduce 0%
15/05/15 23:15:12 INFO streaming.StreamJob:  map 31%  reduce 0%
15/05/15 23:15:13 INFO streaming.StreamJob:  map 32%  reduce 0%
15/05/15 23:15:14 INFO streaming.StreamJob:  map 35%  reduce 0%
15/05/15 23:15:15 INFO streaming.StreamJob:  map 38%  reduce 0%
15/05/15 23:15:16 INFO streaming.StreamJob:  map 43%  reduce 0%
15/05/15 23:15:17 INFO streaming.StreamJob:  map 48%  reduce 0%
15/05/15 23:15:18 INFO streaming.StreamJob:  map 52%  reduce 0%
15/05/15 23:15:19 INFO streaming.StreamJob:  map 56%  reduce 0%
15/05/15 23:15:21 INFO streaming.StreamJob:  map 60%  reduce 0%
15/05/15 23:15:22 INFO streaming.StreamJob:  map 64%  reduce 0%
15/05/15 23:15:23 INFO streaming.StreamJob:  map 68%  reduce 0%
15/05/15 23:15:24 INFO streaming.StreamJob:  map 72%  reduce 0%
15/05/15 23:15:25 INFO streaming.StreamJob:  map 77%  reduce 0%
15/05/15 23:15:26 INFO streaming.StreamJob:  map 82%  reduce 0%
15/05/15 23:15:27 INFO streaming.StreamJob:  map 87%  reduce 0%
15/05/15 23:15:28 INFO streaming.StreamJob:  map 93%  reduce 0%
15/05/15 23:15:29 INFO streaming.StreamJob:  map 97%  reduce 0%
15/05/15 23:15:30 INFO streaming.StreamJob:  map 99%  reduce 0%
15/05/15 23:15:31 INFO streaming.StreamJob:  map 100%  reduce 0%
15/05/15 23:15:40 INFO streaming.StreamJob:  map 100%  reduce 1%
15/05/15 23:15:41 INFO streaming.StreamJob:  map 100%  reduce 2%
15/05/15 23:15:45 INFO streaming.StreamJob:  map 100%  reduce 3%
15/05/15 23:15:52 INFO streaming.StreamJob:  map 100%  reduce 4%
15/05/15 23:15:55 INFO streaming.StreamJob:  map 100%  reduce 5%
15/05/15 23:15:58 INFO streaming.StreamJob:  map 100%  reduce 6%
15/05/15 23:16:01 INFO streaming.StreamJob:  map 100%  reduce 7%
15/05/15 23:16:02 INFO streaming.StreamJob:  map 100%  reduce 8%
15/05/15 23:16:03 INFO streaming.StreamJob:  map 100%  reduce 9%
15/05/15 23:16:06 INFO streaming.StreamJob:  map 100%  reduce 10%
15/05/15 23:16:09 INFO streaming.StreamJob:  map 100%  reduce 11%
15/05/15 23:16:11 INFO streaming.StreamJob:  map 100%  reduce 12%
15/05/15 23:16:15 INFO streaming.StreamJob:  map 100%  reduce 13%
15/05/15 23:16:16 INFO streaming.StreamJob:  map 100%  reduce 14%
15/05/15 23:16:18 INFO streaming.StreamJob:  map 100%  reduce 15%
15/05/15 23:16:19 INFO streaming.StreamJob:  map 100%  reduce 16%
15/05/15 23:16:20 INFO streaming.StreamJob:  map 100%  reduce 18%
15/05/15 23:16:21 INFO streaming.StreamJob:  map 100%  reduce 19%
15/05/15 23:16:22 INFO streaming.StreamJob:  map 100%  reduce 22%
15/05/15 23:16:23 INFO streaming.StreamJob:  map 100%  reduce 24%
15/05/15 23:16:24 INFO streaming.StreamJob:  map 100%  reduce 26%
15/05/15 23:16:25 INFO streaming.StreamJob:  map 100%  reduce 29%
15/05/15 23:16:26 INFO streaming.StreamJob:  map 100%  reduce 30%
15/05/15 23:16:27 INFO streaming.StreamJob:  map 100%  reduce 32%
15/05/15 23:16:28 INFO streaming.StreamJob:  map 100%  reduce 34%
15/05/15 23:16:29 INFO streaming.StreamJob:  map 100%  reduce 36%
15/05/15 23:16:30 INFO streaming.StreamJob:  map 100%  reduce 38%
15/05/15 23:16:31 INFO streaming.StreamJob:  map 100%  reduce 40%
15/05/15 23:16:32 INFO streaming.StreamJob:  map 100%  reduce 42%
15/05/15 23:16:33 INFO streaming.StreamJob:  map 100%  reduce 44%
15/05/15 23:16:34 INFO streaming.StreamJob:  map 100%  reduce 46%
15/05/15 23:16:35 INFO streaming.StreamJob:  map 100%  reduce 47%
15/05/15 23:16:36 INFO streaming.StreamJob:  map 100%  reduce 48%
15/05/15 23:16:37 INFO streaming.StreamJob:  map 100%  reduce 50%
15/05/15 23:16:38 INFO streaming.StreamJob:  map 100%  reduce 51%
15/05/15 23:16:39 INFO streaming.StreamJob:  map 100%  reduce 52%
15/05/15 23:16:40 INFO streaming.StreamJob:  map 100%  reduce 53%
15/05/15 23:16:41 INFO streaming.StreamJob:  map 100%  reduce 54%
15/05/15 23:16:42 INFO streaming.StreamJob:  map 100%  reduce 55%
15/05/15 23:16:44 INFO streaming.StreamJob:  map 100%  reduce 56%
15/05/15 23:16:45 INFO streaming.StreamJob:  map 100%  reduce 57%
15/05/15 23:16:46 INFO streaming.StreamJob:  map 100%  reduce 58%
15/05/15 23:16:48 INFO streaming.StreamJob:  map 100%  reduce 59%
15/05/15 23:16:50 INFO streaming.StreamJob:  map 100%  reduce 60%
15/05/15 23:16:52 INFO streaming.StreamJob:  map 100%  reduce 61%
15/05/15 23:16:56 INFO streaming.StreamJob:  map 100%  reduce 62%
15/05/15 23:16:59 INFO streaming.StreamJob:  map 100%  reduce 63%
15/05/15 23:17:03 INFO streaming.StreamJob:  map 100%  reduce 64%
15/05/15 23:17:05 INFO streaming.StreamJob:  map 100%  reduce 65%
15/05/15 23:17:07 INFO streaming.StreamJob:  map 100%  reduce 66%
15/05/15 23:17:10 INFO streaming.StreamJob:  map 100%  reduce 67%
15/05/15 23:17:12 INFO streaming.StreamJob:  map 100%  reduce 68%
15/05/15 23:17:13 INFO streaming.StreamJob:  map 100%  reduce 69%
15/05/15 23:17:14 INFO streaming.StreamJob:  map 100%  reduce 70%
15/05/15 23:17:16 INFO streaming.StreamJob:  map 100%  reduce 71%
15/05/15 23:17:17 INFO streaming.StreamJob:  map 100%  reduce 72%
15/05/15 23:17:18 INFO streaming.StreamJob:  map 100%  reduce 73%
15/05/15 23:17:19 INFO streaming.StreamJob:  map 100%  reduce 74%
15/05/15 23:17:20 INFO streaming.StreamJob:  map 100%  reduce 76%
15/05/15 23:17:21 INFO streaming.StreamJob:  map 100%  reduce 77%
15/05/15 23:17:22 INFO streaming.StreamJob:  map 100%  reduce 79%
15/05/15 23:17:23 INFO streaming.StreamJob:  map 100%  reduce 80%
15/05/15 23:17:24 INFO streaming.StreamJob:  map 100%  reduce 82%
15/05/15 23:17:25 INFO streaming.StreamJob:  map 100%  reduce 84%
15/05/15 23:17:26 INFO streaming.StreamJob:  map 100%  reduce 87%
15/05/15 23:17:27 INFO streaming.StreamJob:  map 100%  reduce 89%
15/05/15 23:17:28 INFO streaming.StreamJob:  map 100%  reduce 90%
15/05/15 23:17:29 INFO streaming.StreamJob:  map 100%  reduce 92%
15/05/15 23:17:30 INFO streaming.StreamJob:  map 100%  reduce 93%
15/05/15 23:17:31 INFO streaming.StreamJob:  map 100%  reduce 95%
15/05/15 23:17:32 INFO streaming.StreamJob:  map 100%  reduce 96%
15/05/15 23:17:33 INFO streaming.StreamJob:  map 100%  reduce 97%
15/05/15 23:17:34 INFO streaming.StreamJob:  map 100%  reduce 98%
15/05/15 23:17:35 INFO streaming.StreamJob:  map 100%  reduce 99%
15/05/15 23:17:38 INFO streaming.StreamJob:  map 100%  reduce 100%
15/05/15 23:20:41 INFO streaming.StreamJob: Job complete: job_201504101741_387318
15/05/15 23:20:41 INFO streaming.StreamJob: Output: /user/ml/personal_dev_new/training_data/round.five
Finished
Warning: $HADOOP_HOME is deprecated.

rmr: cannot remove /user/work/chongweishen/personal/rank_new/test_data/round.three: No such file or directory.
Warning: $HADOOP_HOME is deprecated.

15/06/05 19:35:41 WARN streaming.StreamJob: -jobconf option is deprecated, please use -D instead.
packageJobJar: [./round3.map.py, ./round3.red.py, /tmp/hadoop-chongweishen/hadoop-unjar7000034031810241751/] [] /tmp/streamjob4875048294327485580.jar tmpDir=null
15/06/05 19:35:42 INFO lzo.GPLNativeCodeLoader: Loaded native gpl library
15/06/05 19:35:42 INFO lzo.LzoCodec: Successfully loaded & initialized native-lzo library [hadoop-lzo rev 6bb1b7f8b9044d8df9b4d2b6641db7658aab3cf8]
15/06/05 19:35:42 INFO mapred.JobClient: Cleaning up the staging area hdfs://jxq-nn-01:9000/tmp/hadoop-hadoop/mapred/staging/chongweishen/.staging/job_201505291422_119582
15/06/05 19:35:42 ERROR security.UserGroupInformation: PriviledgedActionException as:chongweishen cause:org.apache.hadoop.mapred.InvalidInputException: Input path does not exist: hdfs://jxq-nn-01:9000/user/work/chongweishen/personal/rank_new/ctr_common_test/data_filt
Input Pattern hdfs://jxq-nn-01:9000/user/work/chongweishen/personal/rank_new/round.two/final/* matches 0 files
15/06/05 19:35:42 ERROR streaming.StreamJob: Error Launching job : Input path does not exist: hdfs://jxq-nn-01:9000/user/work/chongweishen/personal/rank_new/ctr_common_test/data_filt
Input Pattern hdfs://jxq-nn-01:9000/user/work/chongweishen/personal/rank_new/round.two/final/* matches 0 files
Streaming Command Failed!
Warning: $HADOOP_HOME is deprecated.

rmr: cannot remove /user/work/chongweishen/personal/rank_new/test_data/round.four: No such file or directory.
Warning: $HADOOP_HOME is deprecated.

15/06/05 19:35:43 WARN streaming.StreamJob: -jobconf option is deprecated, please use -D instead.
packageJobJar: [./round4.test.map.py, ./round4.test.red.py, /tmp/hadoop-chongweishen/hadoop-unjar6102372978214874738/] [] /tmp/streamjob6617569729336152593.jar tmpDir=null
15/06/05 19:35:44 INFO lzo.GPLNativeCodeLoader: Loaded native gpl library
15/06/05 19:35:44 INFO lzo.LzoCodec: Successfully loaded & initialized native-lzo library [hadoop-lzo rev 6bb1b7f8b9044d8df9b4d2b6641db7658aab3cf8]
15/06/05 19:35:44 INFO mapred.JobClient: Cleaning up the staging area hdfs://jxq-nn-01:9000/tmp/hadoop-hadoop/mapred/staging/chongweishen/.staging/job_201505291422_119583
15/06/05 19:35:44 ERROR security.UserGroupInformation: PriviledgedActionException as:chongweishen cause:org.apache.hadoop.mapred.InvalidInputException: Input path does not exist: hdfs://jxq-nn-01:9000/user/work/chongweishen/personal/rank_new/ctr_common_test/data_filt
Input Pattern hdfs://jxq-nn-01:9000/user/work/chongweishen/personal/rank_new/test_data/round.three/part-* matches 0 files
15/06/05 19:35:44 ERROR streaming.StreamJob: Error Launching job : Input path does not exist: hdfs://jxq-nn-01:9000/user/work/chongweishen/personal/rank_new/ctr_common_test/data_filt
Input Pattern hdfs://jxq-nn-01:9000/user/work/chongweishen/personal/rank_new/test_data/round.three/part-* matches 0 files
Streaming Command Failed!
Finished
Warning: $HADOOP_HOME is deprecated.

rmr: cannot remove /user/work/chongweishen/personal/rank_new/test_data/round.three: No such file or directory.
Warning: $HADOOP_HOME is deprecated.

15/06/05 19:36:44 WARN streaming.StreamJob: -jobconf option is deprecated, please use -D instead.
packageJobJar: [./round3.map.py, ./round3.red.py, /tmp/hadoop-chongweishen/hadoop-unjar1760865862501141749/] [] /tmp/streamjob1029498187863227854.jar tmpDir=null
15/06/05 19:36:45 INFO lzo.GPLNativeCodeLoader: Loaded native gpl library
15/06/05 19:36:45 INFO lzo.LzoCodec: Successfully loaded & initialized native-lzo library [hadoop-lzo rev 6bb1b7f8b9044d8df9b4d2b6641db7658aab3cf8]
15/06/05 19:36:45 INFO mapred.JobClient: Cleaning up the staging area hdfs://jxq-nn-01:9000/tmp/hadoop-hadoop/mapred/staging/chongweishen/.staging/job_201505291422_119602
15/06/05 19:36:45 ERROR security.UserGroupInformation: PriviledgedActionException as:chongweishen cause:org.apache.hadoop.mapred.InvalidInputException: Input path does not exist: hdfs://jxq-nn-01:9000/user/work/chongweishen/personal/rank_new/ctr_common_test/data_filt
Input Pattern hdfs://jxq-nn-01:9000/user/work/chongweishen/personal/rank_new/train_data/round.two/final/* matches 0 files
15/06/05 19:36:45 ERROR streaming.StreamJob: Error Launching job : Input path does not exist: hdfs://jxq-nn-01:9000/user/work/chongweishen/personal/rank_new/ctr_common_test/data_filt
Input Pattern hdfs://jxq-nn-01:9000/user/work/chongweishen/personal/rank_new/train_data/round.two/final/* matches 0 files
Streaming Command Failed!
Warning: $HADOOP_HOME is deprecated.

rmr: cannot remove /user/work/chongweishen/personal/rank_new/test_data/round.four: No such file or directory.
Warning: $HADOOP_HOME is deprecated.

15/06/05 19:36:47 WARN streaming.StreamJob: -jobconf option is deprecated, please use -D instead.
packageJobJar: [./round4.test.map.py, ./round4.test.red.py, /tmp/hadoop-chongweishen/hadoop-unjar8958530654851257262/] [] /tmp/streamjob6948773362431097620.jar tmpDir=null
15/06/05 19:36:48 INFO lzo.GPLNativeCodeLoader: Loaded native gpl library
15/06/05 19:36:48 INFO lzo.LzoCodec: Successfully loaded & initialized native-lzo library [hadoop-lzo rev 6bb1b7f8b9044d8df9b4d2b6641db7658aab3cf8]
15/06/05 19:36:48 INFO mapred.JobClient: Cleaning up the staging area hdfs://jxq-nn-01:9000/tmp/hadoop-hadoop/mapred/staging/chongweishen/.staging/job_201505291422_119606
15/06/05 19:36:48 ERROR security.UserGroupInformation: PriviledgedActionException as:chongweishen cause:org.apache.hadoop.mapred.InvalidInputException: Input path does not exist: hdfs://jxq-nn-01:9000/user/work/chongweishen/personal/rank_new/ctr_common_test/data_filt
Input Pattern hdfs://jxq-nn-01:9000/user/work/chongweishen/personal/rank_new/test_data/round.three/part-* matches 0 files
15/06/05 19:36:48 ERROR streaming.StreamJob: Error Launching job : Input path does not exist: hdfs://jxq-nn-01:9000/user/work/chongweishen/personal/rank_new/ctr_common_test/data_filt
Input Pattern hdfs://jxq-nn-01:9000/user/work/chongweishen/personal/rank_new/test_data/round.three/part-* matches 0 files
Streaming Command Failed!
Finished
Warning: $HADOOP_HOME is deprecated.

rmr: cannot remove /user/work/chongweishen/personal/rank_online/test_data/round.three: No such file or directory.
Warning: $HADOOP_HOME is deprecated.

15/06/05 19:37:09 WARN streaming.StreamJob: -jobconf option is deprecated, please use -D instead.
packageJobJar: [./round3.map.py, ./round3.red.py, /tmp/hadoop-chongweishen/hadoop-unjar5941474990310382947/] [] /tmp/streamjob4495984004860132893.jar tmpDir=null
15/06/05 19:37:09 INFO lzo.GPLNativeCodeLoader: Loaded native gpl library
15/06/05 19:37:09 INFO lzo.LzoCodec: Successfully loaded & initialized native-lzo library [hadoop-lzo rev 6bb1b7f8b9044d8df9b4d2b6641db7658aab3cf8]
15/06/05 19:37:10 INFO mapred.FileInputFormat: Total input paths to process : 6544
15/06/05 19:37:14 INFO streaming.StreamJob: getLocalDirs(): [/home/hadoop/hdfs/data01/mapred/local/, /home/hadoop/hdfs/data02/mapred/local/, /home/hadoop/hdfs/data03/mapred/local/, /home/hadoop/hdfs/data04/mapred/local/, /home/hadoop/hdfs/data05/mapred/local/, /home/hadoop/hdfs/data06/mapred/local/, /home/hadoop/hdfs/data07/mapred/local/, /home/hadoop/hdfs/data08/mapred/local/, /home/hadoop/hdfs/data09/mapred/local/, /home/hadoop/hdfs/data10/mapred/local/, /home/hadoop/hdfs/data11/mapred/local/, /home/hadoop/hdfs/data12/mapred/local/]
15/06/05 19:37:14 INFO streaming.StreamJob: Running job: job_201505291422_119617
15/06/05 19:37:14 INFO streaming.StreamJob: To kill this job, run:
15/06/05 19:37:14 INFO streaming.StreamJob: /hadoop/hadoop-1.2.1/libexec/../bin/hadoop job  -Dmapred.job.tracker=jxq-job-01:9001 -kill job_201505291422_119617
15/06/05 19:37:14 INFO streaming.StreamJob: Tracking URL: http://jxq-job-01.meilishuo.com:50030/jobdetails.jsp?jobid=job_201505291422_119617
15/06/05 19:37:15 INFO streaming.StreamJob:  map 0%  reduce 0%
15/06/05 19:37:25 INFO streaming.StreamJob:  map 1%  reduce 0%
15/06/05 19:37:27 INFO streaming.StreamJob:  map 3%  reduce 0%
15/06/05 19:37:28 INFO streaming.StreamJob:  map 4%  reduce 0%
15/06/05 19:37:30 INFO streaming.StreamJob:  map 5%  reduce 0%
15/06/05 19:37:31 INFO streaming.StreamJob:  map 6%  reduce 0%
15/06/05 19:37:32 INFO streaming.StreamJob:  map 7%  reduce 0%
15/06/05 19:37:33 INFO streaming.StreamJob:  map 8%  reduce 0%
15/06/05 19:37:34 INFO streaming.StreamJob:  map 9%  reduce 0%
15/06/05 19:37:35 INFO streaming.StreamJob:  map 10%  reduce 0%
15/06/05 19:37:36 INFO streaming.StreamJob:  map 11%  reduce 0%
15/06/05 19:37:37 INFO streaming.StreamJob:  map 12%  reduce 0%
15/06/05 19:37:39 INFO streaming.StreamJob:  map 13%  reduce 0%
15/06/05 19:37:40 INFO streaming.StreamJob:  map 14%  reduce 0%
15/06/05 19:37:41 INFO streaming.StreamJob:  map 15%  reduce 0%
15/06/05 19:37:42 INFO streaming.StreamJob:  map 16%  reduce 0%
15/06/05 19:37:43 INFO streaming.StreamJob:  map 17%  reduce 0%
15/06/05 19:37:46 INFO streaming.StreamJob:  map 18%  reduce 0%
15/06/05 19:37:49 INFO streaming.StreamJob:  map 19%  reduce 0%
15/06/05 19:38:01 INFO streaming.StreamJob:  map 20%  reduce 0%
15/06/05 19:38:06 INFO streaming.StreamJob:  map 21%  reduce 0%
15/06/05 19:38:08 INFO streaming.StreamJob:  map 22%  reduce 0%
15/06/05 19:38:10 INFO streaming.StreamJob:  map 23%  reduce 0%
15/06/05 19:38:12 INFO streaming.StreamJob:  map 24%  reduce 0%
15/06/05 19:38:14 INFO streaming.StreamJob:  map 25%  reduce 0%
15/06/05 19:38:15 INFO streaming.StreamJob:  map 26%  reduce 0%
15/06/05 19:38:16 INFO streaming.StreamJob:  map 27%  reduce 0%
15/06/05 19:38:18 INFO streaming.StreamJob:  map 28%  reduce 0%
15/06/05 19:38:19 INFO streaming.StreamJob:  map 29%  reduce 0%
15/06/05 19:38:21 INFO streaming.StreamJob:  map 30%  reduce 0%
15/06/05 19:38:22 INFO streaming.StreamJob:  map 31%  reduce 0%
15/06/05 19:38:23 INFO streaming.StreamJob:  map 32%  reduce 0%
15/06/05 19:38:25 INFO streaming.StreamJob:  map 33%  reduce 0%
15/06/05 19:38:26 INFO streaming.StreamJob:  map 34%  reduce 0%
15/06/05 19:38:28 INFO streaming.StreamJob:  map 35%  reduce 0%
15/06/05 19:38:30 INFO streaming.StreamJob:  map 36%  reduce 0%
15/06/05 19:38:32 INFO streaming.StreamJob:  map 37%  reduce 0%
15/06/05 19:38:34 INFO streaming.StreamJob:  map 38%  reduce 0%
15/06/05 19:38:36 INFO streaming.StreamJob:  map 39%  reduce 0%
15/06/05 19:38:38 INFO streaming.StreamJob:  map 40%  reduce 0%
15/06/05 19:38:40 INFO streaming.StreamJob:  map 41%  reduce 0%
15/06/05 19:38:43 INFO streaming.StreamJob:  map 42%  reduce 0%
15/06/05 19:38:45 INFO streaming.StreamJob:  map 43%  reduce 0%
15/06/05 19:38:46 INFO streaming.StreamJob:  map 44%  reduce 0%
15/06/05 19:38:48 INFO streaming.StreamJob:  map 45%  reduce 0%
15/06/05 19:38:50 INFO streaming.StreamJob:  map 46%  reduce 0%
15/06/05 19:38:51 INFO streaming.StreamJob:  map 47%  reduce 0%
15/06/05 19:38:53 INFO streaming.StreamJob:  map 48%  reduce 0%
15/06/05 19:38:54 INFO streaming.StreamJob:  map 49%  reduce 0%
15/06/05 19:38:56 INFO streaming.StreamJob:  map 50%  reduce 0%
15/06/05 19:38:58 INFO streaming.StreamJob:  map 51%  reduce 0%
15/06/05 19:38:59 INFO streaming.StreamJob:  map 52%  reduce 0%
15/06/05 19:39:01 INFO streaming.StreamJob:  map 53%  reduce 0%
15/06/05 19:39:02 INFO streaming.StreamJob:  map 54%  reduce 0%
15/06/05 19:39:04 INFO streaming.StreamJob:  map 55%  reduce 0%
15/06/05 19:39:05 INFO streaming.StreamJob:  map 56%  reduce 0%
15/06/05 19:39:07 INFO streaming.StreamJob:  map 57%  reduce 0%
15/06/05 19:39:09 INFO streaming.StreamJob:  map 58%  reduce 0%
15/06/05 19:39:11 INFO streaming.StreamJob:  map 59%  reduce 0%
15/06/05 19:39:13 INFO streaming.StreamJob:  map 60%  reduce 0%
15/06/05 19:39:15 INFO streaming.StreamJob:  map 61%  reduce 0%
15/06/05 19:39:16 INFO streaming.StreamJob:  map 62%  reduce 0%
15/06/05 19:39:18 INFO streaming.StreamJob:  map 63%  reduce 0%
15/06/05 19:39:20 INFO streaming.StreamJob:  map 64%  reduce 0%
15/06/05 19:39:21 INFO streaming.StreamJob:  map 65%  reduce 0%
15/06/05 19:39:23 INFO streaming.StreamJob:  map 66%  reduce 0%
15/06/05 19:39:24 INFO streaming.StreamJob:  map 67%  reduce 0%
15/06/05 19:39:26 INFO streaming.StreamJob:  map 68%  reduce 0%
15/06/05 19:39:27 INFO streaming.StreamJob:  map 69%  reduce 0%
15/06/05 19:39:29 INFO streaming.StreamJob:  map 70%  reduce 0%
15/06/05 19:39:30 INFO streaming.StreamJob:  map 71%  reduce 0%
15/06/05 19:39:31 INFO streaming.StreamJob:  map 72%  reduce 0%
15/06/05 19:39:32 INFO streaming.StreamJob:  map 73%  reduce 0%
15/06/05 19:39:33 INFO streaming.StreamJob:  map 75%  reduce 0%
15/06/05 19:39:34 INFO streaming.StreamJob:  map 76%  reduce 0%
15/06/05 19:39:35 INFO streaming.StreamJob:  map 77%  reduce 0%
15/06/05 19:39:36 INFO streaming.StreamJob:  map 78%  reduce 0%
15/06/05 19:39:37 INFO streaming.StreamJob:  map 79%  reduce 0%
15/06/05 19:39:38 INFO streaming.StreamJob:  map 80%  reduce 0%
15/06/05 19:39:39 INFO streaming.StreamJob:  map 82%  reduce 0%
15/06/05 19:39:40 INFO streaming.StreamJob:  map 83%  reduce 0%
15/06/05 19:39:41 INFO streaming.StreamJob:  map 85%  reduce 0%
15/06/05 19:39:42 INFO streaming.StreamJob:  map 86%  reduce 0%
15/06/05 19:39:43 INFO streaming.StreamJob:  map 88%  reduce 0%
15/06/05 19:39:44 INFO streaming.StreamJob:  map 89%  reduce 0%
15/06/05 19:39:45 INFO streaming.StreamJob:  map 91%  reduce 0%
15/06/05 19:39:46 INFO streaming.StreamJob:  map 93%  reduce 0%
15/06/05 19:39:47 INFO streaming.StreamJob:  map 95%  reduce 0%
15/06/05 19:39:48 INFO streaming.StreamJob:  map 97%  reduce 0%
15/06/05 19:39:49 INFO streaming.StreamJob:  map 98%  reduce 0%
15/06/05 19:39:50 INFO streaming.StreamJob:  map 99%  reduce 0%
15/06/05 19:39:52 INFO streaming.StreamJob:  map 100%  reduce 0%
15/06/05 19:39:59 INFO streaming.StreamJob:  map 100%  reduce 1%
15/06/05 19:40:03 INFO streaming.StreamJob:  map 100%  reduce 2%
15/06/05 19:40:11 INFO streaming.StreamJob:  map 100%  reduce 3%
15/06/05 19:40:15 INFO streaming.StreamJob:  map 100%  reduce 4%
15/06/05 19:40:18 INFO streaming.StreamJob:  map 100%  reduce 5%
15/06/05 19:40:22 INFO streaming.StreamJob:  map 100%  reduce 6%
15/06/05 19:40:26 INFO streaming.StreamJob:  map 100%  reduce 7%
15/06/05 19:40:30 INFO streaming.StreamJob:  map 100%  reduce 8%
15/06/05 19:40:34 INFO streaming.StreamJob:  map 100%  reduce 9%
15/06/05 19:40:39 INFO streaming.StreamJob:  map 100%  reduce 10%
15/06/05 19:40:42 INFO streaming.StreamJob:  map 100%  reduce 11%
15/06/05 19:40:45 INFO streaming.StreamJob:  map 100%  reduce 12%
15/06/05 19:40:49 INFO streaming.StreamJob:  map 100%  reduce 13%
15/06/05 19:40:53 INFO streaming.StreamJob:  map 100%  reduce 14%
15/06/05 19:40:56 INFO streaming.StreamJob:  map 100%  reduce 15%
15/06/05 19:40:58 INFO streaming.StreamJob:  map 100%  reduce 16%
15/06/05 19:41:01 INFO streaming.StreamJob:  map 100%  reduce 17%
15/06/05 19:41:02 INFO streaming.StreamJob:  map 100%  reduce 18%
15/06/05 19:41:03 INFO streaming.StreamJob:  map 100%  reduce 19%
15/06/05 19:41:04 INFO streaming.StreamJob:  map 100%  reduce 20%
15/06/05 19:41:06 INFO streaming.StreamJob:  map 100%  reduce 21%
15/06/05 19:41:07 INFO streaming.StreamJob:  map 100%  reduce 22%
15/06/05 19:41:08 INFO streaming.StreamJob:  map 100%  reduce 23%
15/06/05 19:41:09 INFO streaming.StreamJob:  map 100%  reduce 24%
15/06/05 19:41:10 INFO streaming.StreamJob:  map 100%  reduce 25%
15/06/05 19:41:11 INFO streaming.StreamJob:  map 100%  reduce 26%
15/06/05 19:41:13 INFO streaming.StreamJob:  map 100%  reduce 27%
15/06/05 19:41:14 INFO streaming.StreamJob:  map 100%  reduce 28%
15/06/05 19:41:15 INFO streaming.StreamJob:  map 100%  reduce 29%
15/06/05 19:41:16 INFO streaming.StreamJob:  map 100%  reduce 30%
15/06/05 19:41:18 INFO streaming.StreamJob:  map 100%  reduce 31%
15/06/05 19:41:19 INFO streaming.StreamJob:  map 100%  reduce 32%
15/06/05 19:41:21 INFO streaming.StreamJob:  map 100%  reduce 33%
15/06/05 19:41:22 INFO streaming.StreamJob:  map 100%  reduce 34%
15/06/05 19:41:24 INFO streaming.StreamJob:  map 100%  reduce 35%
15/06/05 19:41:25 INFO streaming.StreamJob:  map 100%  reduce 36%
15/06/05 19:41:27 INFO streaming.StreamJob:  map 100%  reduce 37%
15/06/05 19:41:29 INFO streaming.StreamJob:  map 100%  reduce 38%
15/06/05 19:41:30 INFO streaming.StreamJob:  map 100%  reduce 39%
15/06/05 19:41:32 INFO streaming.StreamJob:  map 100%  reduce 40%
15/06/05 19:41:34 INFO streaming.StreamJob:  map 100%  reduce 41%
15/06/05 19:41:36 INFO streaming.StreamJob:  map 100%  reduce 42%
15/06/05 19:41:38 INFO streaming.StreamJob:  map 100%  reduce 43%
15/06/05 19:41:41 INFO streaming.StreamJob:  map 100%  reduce 44%
15/06/05 19:41:43 INFO streaming.StreamJob:  map 100%  reduce 45%
15/06/05 19:41:45 INFO streaming.StreamJob:  map 100%  reduce 46%
15/06/05 19:41:48 INFO streaming.StreamJob:  map 100%  reduce 47%
15/06/05 19:41:50 INFO streaming.StreamJob:  map 100%  reduce 48%
15/06/05 19:41:52 INFO streaming.StreamJob:  map 100%  reduce 49%
15/06/05 19:41:56 INFO streaming.StreamJob:  map 100%  reduce 50%
15/06/05 19:42:00 INFO streaming.StreamJob:  map 100%  reduce 51%
15/06/05 19:42:05 INFO streaming.StreamJob:  map 100%  reduce 52%
15/06/05 19:42:10 INFO streaming.StreamJob:  map 100%  reduce 53%
15/06/05 19:42:17 INFO streaming.StreamJob:  map 100%  reduce 54%
15/06/05 19:42:23 INFO streaming.StreamJob:  map 100%  reduce 55%
15/06/05 19:42:28 INFO streaming.StreamJob:  map 100%  reduce 56%
15/06/05 19:42:33 INFO streaming.StreamJob:  map 100%  reduce 57%
15/06/05 19:42:39 INFO streaming.StreamJob:  map 100%  reduce 58%
15/06/05 19:42:44 INFO streaming.StreamJob:  map 100%  reduce 59%
15/06/05 19:42:49 INFO streaming.StreamJob:  map 100%  reduce 60%
15/06/05 19:42:57 INFO streaming.StreamJob:  map 100%  reduce 61%
15/06/05 19:43:04 INFO streaming.StreamJob:  map 100%  reduce 62%
15/06/05 19:43:11 INFO streaming.StreamJob:  map 100%  reduce 63%
15/06/05 19:43:17 INFO streaming.StreamJob:  map 100%  reduce 64%
15/06/05 19:43:25 INFO streaming.StreamJob:  map 100%  reduce 65%
15/06/05 19:43:32 INFO streaming.StreamJob:  map 100%  reduce 66%
15/06/05 19:43:37 INFO streaming.StreamJob:  map 100%  reduce 67%
15/06/05 19:43:42 INFO streaming.StreamJob:  map 100%  reduce 68%
15/06/05 19:43:44 INFO streaming.StreamJob:  map 100%  reduce 69%
15/06/05 19:43:48 INFO streaming.StreamJob:  map 100%  reduce 70%
15/06/05 19:43:52 INFO streaming.StreamJob:  map 100%  reduce 71%
15/06/05 19:43:54 INFO streaming.StreamJob:  map 100%  reduce 72%
15/06/05 19:43:58 INFO streaming.StreamJob:  map 100%  reduce 73%
15/06/05 19:44:00 INFO streaming.StreamJob:  map 100%  reduce 74%
15/06/05 19:44:01 INFO streaming.StreamJob:  map 100%  reduce 75%
15/06/05 19:44:03 INFO streaming.StreamJob:  map 100%  reduce 77%
15/06/05 19:44:04 INFO streaming.StreamJob:  map 100%  reduce 78%
15/06/05 19:44:05 INFO streaming.StreamJob:  map 100%  reduce 79%
15/06/05 19:44:06 INFO streaming.StreamJob:  map 100%  reduce 80%
15/06/05 19:44:07 INFO streaming.StreamJob:  map 100%  reduce 81%
15/06/05 19:44:08 INFO streaming.StreamJob:  map 100%  reduce 82%
15/06/05 19:44:09 INFO streaming.StreamJob:  map 100%  reduce 83%
15/06/05 19:44:10 INFO streaming.StreamJob:  map 100%  reduce 84%
15/06/05 19:44:11 INFO streaming.StreamJob:  map 100%  reduce 85%
15/06/05 19:44:13 INFO streaming.StreamJob:  map 100%  reduce 86%
15/06/05 19:44:14 INFO streaming.StreamJob:  map 100%  reduce 87%
15/06/05 19:44:16 INFO streaming.StreamJob:  map 100%  reduce 88%
15/06/05 19:44:18 INFO streaming.StreamJob:  map 100%  reduce 89%
15/06/05 19:44:20 INFO streaming.StreamJob:  map 100%  reduce 90%
15/06/05 19:44:23 INFO streaming.StreamJob:  map 100%  reduce 91%
15/06/05 19:44:25 INFO streaming.StreamJob:  map 100%  reduce 92%
15/06/05 19:44:28 INFO streaming.StreamJob:  map 100%  reduce 93%
15/06/05 19:44:30 INFO streaming.StreamJob:  map 100%  reduce 94%
15/06/05 19:44:34 INFO streaming.StreamJob:  map 100%  reduce 95%
15/06/05 19:44:37 INFO streaming.StreamJob:  map 100%  reduce 96%
15/06/05 19:44:42 INFO streaming.StreamJob:  map 100%  reduce 97%
15/06/05 19:44:48 INFO streaming.StreamJob:  map 100%  reduce 98%
15/06/05 19:45:06 INFO streaming.StreamJob:  map 100%  reduce 99%
15/06/05 19:46:36 INFO streaming.StreamJob:  map 100%  reduce 100%
15/06/05 20:05:52 INFO streaming.StreamJob: Job complete: job_201505291422_119617
15/06/05 20:05:52 INFO streaming.StreamJob: Output: /user/work/chongweishen/personal/rank_online/test_data/round.three
Warning: $HADOOP_HOME is deprecated.

rmr: cannot remove /user/work/chongweishen/personal/rank_online/test_data/round.four: No such file or directory.
Warning: $HADOOP_HOME is deprecated.

15/06/05 20:05:54 WARN streaming.StreamJob: -jobconf option is deprecated, please use -D instead.
packageJobJar: [./round4.test.map.py, ./round4.test.red.py, /tmp/hadoop-chongweishen/hadoop-unjar3835290496654672591/] [] /tmp/streamjob4452882826131594080.jar tmpDir=null
15/06/05 20:05:55 INFO lzo.GPLNativeCodeLoader: Loaded native gpl library
15/06/05 20:05:55 INFO lzo.LzoCodec: Successfully loaded & initialized native-lzo library [hadoop-lzo rev 6bb1b7f8b9044d8df9b4d2b6641db7658aab3cf8]
15/06/05 20:05:56 INFO mapred.FileInputFormat: Total input paths to process : 7247
15/06/05 20:06:01 INFO streaming.StreamJob: getLocalDirs(): [/home/hadoop/hdfs/data01/mapred/local/, /home/hadoop/hdfs/data02/mapred/local/, /home/hadoop/hdfs/data03/mapred/local/, /home/hadoop/hdfs/data04/mapred/local/, /home/hadoop/hdfs/data05/mapred/local/, /home/hadoop/hdfs/data06/mapred/local/, /home/hadoop/hdfs/data07/mapred/local/, /home/hadoop/hdfs/data08/mapred/local/, /home/hadoop/hdfs/data09/mapred/local/, /home/hadoop/hdfs/data10/mapred/local/, /home/hadoop/hdfs/data11/mapred/local/, /home/hadoop/hdfs/data12/mapred/local/]
15/06/05 20:06:01 INFO streaming.StreamJob: Running job: job_201505291422_119904
15/06/05 20:06:01 INFO streaming.StreamJob: To kill this job, run:
15/06/05 20:06:01 INFO streaming.StreamJob: /hadoop/hadoop-1.2.1/libexec/../bin/hadoop job  -Dmapred.job.tracker=jxq-job-01:9001 -kill job_201505291422_119904
15/06/05 20:06:01 INFO streaming.StreamJob: Tracking URL: http://jxq-job-01.meilishuo.com:50030/jobdetails.jsp?jobid=job_201505291422_119904
15/06/05 20:06:02 INFO streaming.StreamJob:  map 0%  reduce 0%
15/06/05 20:06:15 INFO streaming.StreamJob:  map 1%  reduce 0%
15/06/05 20:06:19 INFO streaming.StreamJob:  map 2%  reduce 0%
15/06/05 20:06:24 INFO streaming.StreamJob:  map 3%  reduce 0%
15/06/05 20:06:27 INFO streaming.StreamJob:  map 4%  reduce 0%
15/06/05 20:06:30 INFO streaming.StreamJob:  map 5%  reduce 0%
15/06/05 20:06:33 INFO streaming.StreamJob:  map 6%  reduce 0%
15/06/05 20:06:37 INFO streaming.StreamJob:  map 7%  reduce 0%
15/06/05 20:06:40 INFO streaming.StreamJob:  map 8%  reduce 0%
15/06/05 20:06:43 INFO streaming.StreamJob:  map 9%  reduce 0%
15/06/05 20:06:45 INFO streaming.StreamJob:  map 10%  reduce 0%
15/06/05 20:06:47 INFO streaming.StreamJob:  map 11%  reduce 0%
15/06/05 20:06:50 INFO streaming.StreamJob:  map 12%  reduce 0%
15/06/05 20:06:52 INFO streaming.StreamJob:  map 13%  reduce 0%
15/06/05 20:06:54 INFO streaming.StreamJob:  map 14%  reduce 0%
15/06/05 20:06:57 INFO streaming.StreamJob:  map 15%  reduce 0%
15/06/05 20:07:13 INFO streaming.StreamJob:  map 16%  reduce 0%
15/06/05 20:07:28 INFO streaming.StreamJob:  map 17%  reduce 0%
15/06/05 20:07:35 INFO streaming.StreamJob:  map 18%  reduce 0%
15/06/05 20:07:37 INFO streaming.StreamJob:  map 20%  reduce 0%
15/06/05 20:07:39 INFO streaming.StreamJob:  map 21%  reduce 0%
15/06/05 20:07:40 INFO streaming.StreamJob:  map 22%  reduce 0%
15/06/05 20:07:42 INFO streaming.StreamJob:  map 23%  reduce 0%
15/06/05 20:07:43 INFO streaming.StreamJob:  map 24%  reduce 0%
15/06/05 20:07:44 INFO streaming.StreamJob:  map 25%  reduce 0%
15/06/05 20:07:46 INFO streaming.StreamJob:  map 26%  reduce 0%
15/06/05 20:07:47 INFO streaming.StreamJob:  map 27%  reduce 0%
15/06/05 20:07:48 INFO streaming.StreamJob:  map 28%  reduce 0%
15/06/05 20:07:49 INFO streaming.StreamJob:  map 29%  reduce 0%
15/06/05 20:07:50 INFO streaming.StreamJob:  map 30%  reduce 0%
15/06/05 20:07:51 INFO streaming.StreamJob:  map 31%  reduce 0%
15/06/05 20:07:52 INFO streaming.StreamJob:  map 32%  reduce 0%
15/06/05 20:07:53 INFO streaming.StreamJob:  map 33%  reduce 0%
15/06/05 20:07:55 INFO streaming.StreamJob:  map 34%  reduce 0%
15/06/05 20:07:56 INFO streaming.StreamJob:  map 35%  reduce 0%
15/06/05 20:07:57 INFO streaming.StreamJob:  map 36%  reduce 0%
15/06/05 20:07:58 INFO streaming.StreamJob:  map 37%  reduce 0%
15/06/05 20:07:59 INFO streaming.StreamJob:  map 38%  reduce 0%
15/06/05 20:08:01 INFO streaming.StreamJob:  map 39%  reduce 0%
15/06/05 20:08:02 INFO streaming.StreamJob:  map 40%  reduce 0%
15/06/05 20:08:03 INFO streaming.StreamJob:  map 41%  reduce 0%
15/06/05 20:08:05 INFO streaming.StreamJob:  map 42%  reduce 0%
15/06/05 20:08:06 INFO streaming.StreamJob:  map 43%  reduce 0%
15/06/05 20:08:08 INFO streaming.StreamJob:  map 44%  reduce 0%
15/06/05 20:08:10 INFO streaming.StreamJob:  map 45%  reduce 0%
15/06/05 20:08:12 INFO streaming.StreamJob:  map 46%  reduce 0%
15/06/05 20:08:15 INFO streaming.StreamJob:  map 47%  reduce 0%
15/06/05 20:08:17 INFO streaming.StreamJob:  map 48%  reduce 0%
15/06/05 20:08:19 INFO streaming.StreamJob:  map 49%  reduce 0%
15/06/05 20:08:21 INFO streaming.StreamJob:  map 50%  reduce 0%
15/06/05 20:08:22 INFO streaming.StreamJob:  map 51%  reduce 0%
15/06/05 20:08:24 INFO streaming.StreamJob:  map 52%  reduce 0%
15/06/05 20:08:25 INFO streaming.StreamJob:  map 53%  reduce 0%
15/06/05 20:08:26 INFO streaming.StreamJob:  map 54%  reduce 0%
15/06/05 20:08:27 INFO streaming.StreamJob:  map 55%  reduce 0%
15/06/05 20:08:28 INFO streaming.StreamJob:  map 56%  reduce 0%
15/06/05 20:08:29 INFO streaming.StreamJob:  map 57%  reduce 0%
15/06/05 20:08:30 INFO streaming.StreamJob:  map 59%  reduce 0%
15/06/05 20:08:31 INFO streaming.StreamJob:  map 60%  reduce 0%
15/06/05 20:08:32 INFO streaming.StreamJob:  map 61%  reduce 0%
15/06/05 20:08:34 INFO streaming.StreamJob:  map 64%  reduce 0%
15/06/05 20:08:37 INFO streaming.StreamJob:  map 65%  reduce 0%
15/06/05 20:08:39 INFO streaming.StreamJob:  map 66%  reduce 0%
15/06/05 20:08:40 INFO streaming.StreamJob:  map 68%  reduce 0%
15/06/05 20:08:41 INFO streaming.StreamJob:  map 69%  reduce 0%
15/06/05 20:08:42 INFO streaming.StreamJob:  map 72%  reduce 0%
15/06/05 20:08:43 INFO streaming.StreamJob:  map 75%  reduce 0%
15/06/05 20:08:44 INFO streaming.StreamJob:  map 77%  reduce 0%
15/06/05 20:08:46 INFO streaming.StreamJob:  map 78%  reduce 0%
15/06/05 20:08:47 INFO streaming.StreamJob:  map 79%  reduce 0%
15/06/05 20:08:48 INFO streaming.StreamJob:  map 80%  reduce 0%
15/06/05 20:08:49 INFO streaming.StreamJob:  map 81%  reduce 0%
15/06/05 20:08:50 INFO streaming.StreamJob:  map 83%  reduce 0%
15/06/05 20:08:51 INFO streaming.StreamJob:  map 84%  reduce 0%
15/06/05 20:08:52 INFO streaming.StreamJob:  map 86%  reduce 0%
15/06/05 20:08:53 INFO streaming.StreamJob:  map 88%  reduce 0%
15/06/05 20:08:54 INFO streaming.StreamJob:  map 89%  reduce 0%
15/06/05 20:08:55 INFO streaming.StreamJob:  map 90%  reduce 0%
15/06/05 20:08:56 INFO streaming.StreamJob:  map 91%  reduce 0%
15/06/05 20:08:57 INFO streaming.StreamJob:  map 93%  reduce 0%
15/06/05 20:08:58 INFO streaming.StreamJob:  map 94%  reduce 0%
15/06/05 20:08:59 INFO streaming.StreamJob:  map 96%  reduce 0%
15/06/05 20:09:00 INFO streaming.StreamJob:  map 97%  reduce 0%
15/06/05 20:09:01 INFO streaming.StreamJob:  map 98%  reduce 0%
15/06/05 20:09:02 INFO streaming.StreamJob:  map 99%  reduce 0%
15/06/05 20:09:05 INFO streaming.StreamJob:  map 100%  reduce 0%
15/06/05 20:09:17 INFO streaming.StreamJob:  map 100%  reduce 1%
15/06/05 20:09:29 INFO streaming.StreamJob:  map 100%  reduce 2%
15/06/05 20:09:35 INFO streaming.StreamJob:  map 100%  reduce 3%
15/06/05 20:09:45 INFO streaming.StreamJob:  map 100%  reduce 4%
15/06/05 20:09:55 INFO streaming.StreamJob:  map 100%  reduce 5%
15/06/05 20:10:03 INFO streaming.StreamJob:  map 100%  reduce 6%
15/06/05 20:10:10 INFO streaming.StreamJob:  map 100%  reduce 7%
15/06/05 20:10:18 INFO streaming.StreamJob:  map 100%  reduce 8%
15/06/05 20:10:22 INFO streaming.StreamJob:  map 100%  reduce 9%
15/06/05 20:10:28 INFO streaming.StreamJob:  map 100%  reduce 10%
15/06/05 20:10:32 INFO streaming.StreamJob:  map 100%  reduce 11%
15/06/05 20:10:33 INFO streaming.StreamJob:  map 100%  reduce 10%
15/06/05 20:10:35 INFO streaming.StreamJob:  map 100%  reduce 9%
15/06/05 20:10:36 INFO streaming.StreamJob:  map 100%  reduce 10%
15/06/05 20:10:40 INFO streaming.StreamJob:  map 100%  reduce 11%
15/06/05 20:10:43 INFO streaming.StreamJob:  map 100%  reduce 12%
15/06/05 20:10:44 INFO streaming.StreamJob:  map 100%  reduce 13%
15/06/05 20:10:46 INFO streaming.StreamJob:  map 100%  reduce 14%
15/06/05 20:10:47 INFO streaming.StreamJob:  map 100%  reduce 15%
15/06/05 20:10:49 INFO streaming.StreamJob:  map 100%  reduce 16%
15/06/05 20:10:50 INFO streaming.StreamJob:  map 100%  reduce 17%
15/06/05 20:10:51 INFO streaming.StreamJob:  map 100%  reduce 18%
15/06/05 20:10:53 INFO streaming.StreamJob:  map 100%  reduce 19%
15/06/05 20:10:54 INFO streaming.StreamJob:  map 100%  reduce 20%
15/06/05 20:10:55 INFO streaming.StreamJob:  map 100%  reduce 21%
15/06/05 20:10:56 INFO streaming.StreamJob:  map 100%  reduce 22%
15/06/05 20:10:58 INFO streaming.StreamJob:  map 100%  reduce 23%
15/06/05 20:10:59 INFO streaming.StreamJob:  map 100%  reduce 24%
15/06/05 20:11:00 INFO streaming.StreamJob:  map 100%  reduce 25%
15/06/05 20:11:02 INFO streaming.StreamJob:  map 100%  reduce 26%
15/06/05 20:11:03 INFO streaming.StreamJob:  map 100%  reduce 27%
15/06/05 20:11:05 INFO streaming.StreamJob:  map 100%  reduce 28%
15/06/05 20:11:07 INFO streaming.StreamJob:  map 100%  reduce 29%
15/06/05 20:11:08 INFO streaming.StreamJob:  map 100%  reduce 30%
15/06/05 20:11:11 INFO streaming.StreamJob:  map 100%  reduce 31%
15/06/05 20:11:15 INFO streaming.StreamJob:  map 100%  reduce 32%
15/06/05 20:11:20 INFO streaming.StreamJob:  map 100%  reduce 33%
15/06/05 20:11:25 INFO streaming.StreamJob:  map 100%  reduce 34%
15/06/05 20:11:33 INFO streaming.StreamJob:  map 100%  reduce 35%
15/06/05 20:11:45 INFO streaming.StreamJob:  map 100%  reduce 36%
15/06/05 20:12:04 INFO streaming.StreamJob:  map 100%  reduce 37%
15/06/05 20:12:23 INFO streaming.StreamJob:  map 100%  reduce 38%
15/06/05 20:12:37 INFO streaming.StreamJob:  map 100%  reduce 39%
15/06/05 20:12:52 INFO streaming.StreamJob:  map 100%  reduce 40%
15/06/05 20:13:04 INFO streaming.StreamJob:  map 100%  reduce 41%
15/06/05 20:13:15 INFO streaming.StreamJob:  map 100%  reduce 42%
15/06/05 20:13:23 INFO streaming.StreamJob:  map 100%  reduce 43%
15/06/05 20:13:30 INFO streaming.StreamJob:  map 100%  reduce 44%
15/06/05 20:13:36 INFO streaming.StreamJob:  map 100%  reduce 45%
15/06/05 20:13:41 INFO streaming.StreamJob:  map 100%  reduce 46%
15/06/05 20:13:44 INFO streaming.StreamJob:  map 100%  reduce 47%
15/06/05 20:13:48 INFO streaming.StreamJob:  map 100%  reduce 48%
15/06/05 20:13:51 INFO streaming.StreamJob:  map 100%  reduce 49%
15/06/05 20:13:55 INFO streaming.StreamJob:  map 100%  reduce 50%
15/06/05 20:13:58 INFO streaming.StreamJob:  map 100%  reduce 51%
15/06/05 20:14:01 INFO streaming.StreamJob:  map 100%  reduce 52%
15/06/05 20:14:03 INFO streaming.StreamJob:  map 100%  reduce 53%
15/06/05 20:14:05 INFO streaming.StreamJob:  map 100%  reduce 54%
15/06/05 20:14:07 INFO streaming.StreamJob:  map 100%  reduce 55%
15/06/05 20:14:10 INFO streaming.StreamJob:  map 100%  reduce 56%
15/06/05 20:14:11 INFO streaming.StreamJob:  map 100%  reduce 57%
15/06/05 20:14:12 INFO streaming.StreamJob:  map 100%  reduce 58%
15/06/05 20:14:13 INFO streaming.StreamJob:  map 100%  reduce 59%
15/06/05 20:14:14 INFO streaming.StreamJob:  map 100%  reduce 60%
15/06/05 20:14:16 INFO streaming.StreamJob:  map 100%  reduce 61%
15/06/05 20:14:17 INFO streaming.StreamJob:  map 100%  reduce 62%
15/06/05 20:14:18 INFO streaming.StreamJob:  map 100%  reduce 63%
15/06/05 20:14:20 INFO streaming.StreamJob:  map 100%  reduce 64%
15/06/05 20:14:22 INFO streaming.StreamJob:  map 100%  reduce 65%
15/06/05 20:14:23 INFO streaming.StreamJob:  map 100%  reduce 66%
15/06/05 20:14:25 INFO streaming.StreamJob:  map 100%  reduce 67%
15/06/05 20:14:26 INFO streaming.StreamJob:  map 100%  reduce 68%
15/06/05 20:14:29 INFO streaming.StreamJob:  map 100%  reduce 69%
15/06/05 20:14:32 INFO streaming.StreamJob:  map 100%  reduce 70%
15/06/05 20:14:36 INFO streaming.StreamJob:  map 100%  reduce 71%
15/06/05 20:14:41 INFO streaming.StreamJob:  map 100%  reduce 72%
15/06/05 20:14:48 INFO streaming.StreamJob:  map 100%  reduce 73%
15/06/05 20:14:56 INFO streaming.StreamJob:  map 100%  reduce 74%
15/06/05 20:15:04 INFO streaming.StreamJob:  map 100%  reduce 75%
15/06/05 20:15:13 INFO streaming.StreamJob:  map 100%  reduce 76%
15/06/05 20:15:19 INFO streaming.StreamJob:  map 100%  reduce 77%
15/06/05 20:15:28 INFO streaming.StreamJob:  map 100%  reduce 78%
15/06/05 20:15:41 INFO streaming.StreamJob:  map 100%  reduce 79%
15/06/05 20:15:51 INFO streaming.StreamJob:  map 100%  reduce 80%
15/06/05 20:16:01 INFO streaming.StreamJob:  map 100%  reduce 81%
15/06/05 20:16:05 INFO streaming.StreamJob:  map 100%  reduce 82%
15/06/05 20:16:08 INFO streaming.StreamJob:  map 100%  reduce 83%
15/06/05 20:16:10 INFO streaming.StreamJob:  map 100%  reduce 84%
15/06/05 20:16:12 INFO streaming.StreamJob:  map 100%  reduce 85%
15/06/05 20:16:14 INFO streaming.StreamJob:  map 100%  reduce 86%
15/06/05 20:16:15 INFO streaming.StreamJob:  map 100%  reduce 87%
15/06/05 20:16:17 INFO streaming.StreamJob:  map 100%  reduce 88%
15/06/05 20:16:18 INFO streaming.StreamJob:  map 100%  reduce 90%
15/06/05 20:16:19 INFO streaming.StreamJob:  map 100%  reduce 91%
15/06/05 20:16:20 INFO streaming.StreamJob:  map 100%  reduce 92%
15/06/05 20:16:21 INFO streaming.StreamJob:  map 100%  reduce 93%
15/06/05 20:16:22 INFO streaming.StreamJob:  map 100%  reduce 94%
15/06/05 20:16:24 INFO streaming.StreamJob:  map 100%  reduce 95%
15/06/05 20:16:26 INFO streaming.StreamJob:  map 100%  reduce 96%
15/06/05 20:16:29 INFO streaming.StreamJob:  map 100%  reduce 97%
15/06/05 20:16:33 INFO streaming.StreamJob:  map 100%  reduce 98%
15/06/05 20:16:40 INFO streaming.StreamJob:  map 100%  reduce 99%
15/06/05 20:16:49 INFO streaming.StreamJob:  map 100%  reduce 100%
15/06/05 20:17:09 INFO streaming.StreamJob: Job complete: job_201505291422_119904
15/06/05 20:17:09 INFO streaming.StreamJob: Output: /user/work/chongweishen/personal/rank_online/test_data/round.four
Finished
